#
# There is insufficient memory for the Java Runtime Environment to continue.
# Native memory allocation (mmap) failed to map 1048576 bytes. Error detail: G1 virtual space
# Possible reasons:
#   The system is out of physical RAM or swap space
#   This process is running with CompressedOops enabled, and the Java Heap may be blocking the growth of the native heap
# Possible solutions:
#   Reduce memory load on the system
#   Increase physical memory or swap space
#   Check if swap backing store is full
#   Decrease Java heap size (-Xmx/-Xms)
#   Decrease number of Java threads
#   Decrease Java thread stack sizes (-Xss)
#   Set larger code cache with -XX:ReservedCodeCacheSize=
#   JVM is running with Unscaled Compressed Oops mode in which the Java heap is
#     placed in the first 4GB address space. The Java Heap base address is the
#     maximum limit for the native heap growth. Please use -XX:HeapBaseMinAddress
#     to set the Java Heap base and to place the Java Heap above 4GB virtual address.
# This output file may be truncated or incomplete.
#
#  Out of Memory Error (os_windows.cpp:3828), pid=21192, tid=3840
#
# JRE version: OpenJDK Runtime Environment (21.0.5) (build 21.0.5+-13047016-b750.29)
# Java VM: OpenJDK 64-Bit Server VM (21.0.5+-13047016-b750.29, mixed mode, tiered, compressed oops, compressed class ptrs, g1 gc, windows-amd64)
# No core dump will be written. Minidumps are not enabled by default on client versions of Windows
#

---------------  S U M M A R Y ------------

Command Line: --add-opens=java.base/java.lang=ALL-UNNAMED --add-opens=java.base/java.lang.invoke=ALL-UNNAMED --add-opens=java.base/java.util=ALL-UNNAMED --add-opens=java.prefs/java.util.prefs=ALL-UNNAMED --add-exports=jdk.compiler/com.sun.tools.javac.api=ALL-UNNAMED --add-exports=jdk.compiler/com.sun.tools.javac.util=ALL-UNNAMED --add-opens=java.base/java.util=ALL-UNNAMED --add-opens=java.prefs/java.util.prefs=ALL-UNNAMED --add-opens=java.base/java.nio.charset=ALL-UNNAMED --add-opens=java.base/java.net=ALL-UNNAMED --add-opens=java.base/java.util.concurrent.atomic=ALL-UNNAMED --add-opens=java.xml/javax.xml.namespace=ALL-UNNAMED -Xmx2048m -Dfile.encoding=UTF-8 -Duser.country=IN -Duser.language=en -Duser.variant -javaagent:E:\Android\.gradle\wrapper\dists\gradle-8.11.1-bin\bpt9gzteqjrbo1mjrsomdt32c\gradle-8.11.1\lib\agents\gradle-instrumentation-agent-8.11.1.jar org.gradle.launcher.daemon.bootstrap.GradleDaemon 8.11.1

Host: 11th Gen Intel(R) Core(TM) i5-1135G7 @ 2.40GHz, 8 cores, 19G,  Windows 11 , 64 bit Build 22621 (10.0.22621.5262)
Time: Sat May 24 13:32:46 2025 India Standard Time elapsed time: 22.696263 seconds (0d 0h 0m 22s)

---------------  T H R E A D  ---------------

Current thread (0x000001c4a4491650):  WorkerThread "GC Thread#1"    [id=3840, stack(0x0000008786a00000,0x0000008786b00000) (1024K)]

Stack: [0x0000008786a00000,0x0000008786b00000]
Native frames: (J=compiled Java code, j=interpreted, Vv=VM code, C=native code)
V  [jvm.dll+0x6cfb29]
V  [jvm.dll+0x85df93]
V  [jvm.dll+0x8604ee]
V  [jvm.dll+0x860bd3]
V  [jvm.dll+0x27e6b6]
V  [jvm.dll+0x6cc385]
V  [jvm.dll+0x6c078a]
V  [jvm.dll+0x35525b]
V  [jvm.dll+0x35ceb6]
V  [jvm.dll+0x3aeadb]
V  [jvm.dll+0x3af194]
V  [jvm.dll+0x3af25d]
V  [jvm.dll+0x3290ec]
V  [jvm.dll+0x328e48]
V  [jvm.dll+0x317a26]
V  [jvm.dll+0x3188ba]
V  [jvm.dll+0x318d67]
V  [jvm.dll+0x31871e]
V  [jvm.dll+0x3570ea]
V  [jvm.dll+0x357466]
V  [jvm.dll+0x3585aa]
V  [jvm.dll+0x354c6e]
V  [jvm.dll+0x361cbc]
V  [jvm.dll+0x363989]
V  [jvm.dll+0x3621aa]
V  [jvm.dll+0x363601]
V  [jvm.dll+0x36dcf3]
V  [jvm.dll+0x36de3b]
V  [jvm.dll+0x88bc74]
V  [jvm.dll+0x806368]
V  [jvm.dll+0x6ce3fd]
C  [ucrtbase.dll+0x29333]
C  [KERNEL32.DLL+0x1259d]
C  [ntdll.dll+0x5af58]


---------------  P R O C E S S  ---------------

Threads class SMR info:
_java_thread_list=0x000001c4af07a7a0, length=53, elements={
0x000001c48c5eb0f0, 0x000001c4a3dd8a00, 0x000001c4a3e06010, 0x000001c4a3e0c5b0,
0x000001c4a3e0a190, 0x000001c4a3e270e0, 0x000001c4a3e0abe0, 0x000001c4a3e29cf0,
0x000001c4a3e1d3b0, 0x000001c4a3f30040, 0x000001c4a43c0e40, 0x000001c4aa51ae80,
0x000001c4aa2c94f0, 0x000001c4aa587050, 0x000001c4aa57af50, 0x000001c4aa3b1500,
0x000001c4aa3cf590, 0x000001c4aa3cfbf0, 0x000001c4aa5678e0, 0x000001c4aa566530,
0x000001c4aa565180, 0x000001c4aa566bc0, 0x000001c4aa567250, 0x000001c4aa565810,
0x000001c4aa567f70, 0x000001c4aa564af0, 0x000001c4aa565ea0, 0x000001c4ab70f570,
0x000001c4ab710290, 0x000001c4ab70b3d0, 0x000001c4ab70a020, 0x000001c4ab70db30,
0x000001c4ab70e1c0, 0x000001c4ab70eee0, 0x000001c4ab70fc00, 0x000001c4ab70c0f0,
0x000001c4ab70ce10, 0x000001c4ab70e850, 0x000001c4ae1290f0, 0x000001c4ae1283d0,
0x000001c4ae1276b0, 0x000001c4ae1255e0, 0x000001c4ae12b1c0, 0x000001c4ae12cc00,
0x000001c4ae128a60, 0x000001c4ae12b850, 0x000001c4ae129e10, 0x000001c4ae12a4a0,
0x000001c4ae12ab30, 0x000001c4ae12c570, 0x000001c4ae127020, 0x000001c4ae125c70,
0x000001c4ae12bee0
}

Java Threads: ( => current thread )
  0x000001c48c5eb0f0 JavaThread "main"                              [_thread_blocked, id=10828, stack(0x0000008785600000,0x0000008785700000) (1024K)]
  0x000001c4a3dd8a00 JavaThread "Reference Handler"          daemon [_thread_blocked, id=2408, stack(0x0000008785e00000,0x0000008785f00000) (1024K)]
  0x000001c4a3e06010 JavaThread "Finalizer"                  daemon [_thread_blocked, id=1808, stack(0x0000008785f00000,0x0000008786000000) (1024K)]
  0x000001c4a3e0c5b0 JavaThread "Signal Dispatcher"          daemon [_thread_blocked, id=5256, stack(0x0000008786000000,0x0000008786100000) (1024K)]
  0x000001c4a3e0a190 JavaThread "Attach Listener"            daemon [_thread_blocked, id=20664, stack(0x0000008786100000,0x0000008786200000) (1024K)]
  0x000001c4a3e270e0 JavaThread "Service Thread"             daemon [_thread_blocked, id=21440, stack(0x0000008786200000,0x0000008786300000) (1024K)]
  0x000001c4a3e0abe0 JavaThread "Monitor Deflation Thread"   daemon [_thread_blocked, id=19476, stack(0x0000008786300000,0x0000008786400000) (1024K)]
  0x000001c4a3e29cf0 JavaThread "C2 CompilerThread0"         daemon [_thread_blocked, id=7428, stack(0x0000008786400000,0x0000008786500000) (1024K)]
  0x000001c4a3e1d3b0 JavaThread "C1 CompilerThread0"         daemon [_thread_blocked, id=11824, stack(0x0000008786500000,0x0000008786600000) (1024K)]
  0x000001c4a3f30040 JavaThread "Common-Cleaner"             daemon [_thread_blocked, id=22216, stack(0x0000008786600000,0x0000008786700000) (1024K)]
  0x000001c4a43c0e40 JavaThread "Notification Thread"        daemon [_thread_blocked, id=15904, stack(0x0000008786700000,0x0000008786800000) (1024K)]
  0x000001c4aa51ae80 JavaThread "Daemon health stats"               [_thread_blocked, id=8692, stack(0x0000008787000000,0x0000008787100000) (1024K)]
  0x000001c4aa2c94f0 JavaThread "Incoming local TCP Connector on port 53972"        [_thread_in_native, id=21944, stack(0x0000008787100000,0x0000008787200000) (1024K)]
  0x000001c4aa587050 JavaThread "Daemon periodic checks"            [_thread_blocked, id=6268, stack(0x0000008787200000,0x0000008787300000) (1024K)]
  0x000001c4aa57af50 JavaThread "Daemon"                            [_thread_blocked, id=21084, stack(0x0000008787300000,0x0000008787400000) (1024K)]
  0x000001c4aa3b1500 JavaThread "Handler for socket connection from /127.0.0.1:53972 to /127.0.0.1:53975"        [_thread_in_native, id=20348, stack(0x0000008787400000,0x0000008787500000) (1024K)]
  0x000001c4aa3cf590 JavaThread "Cancel handler"                    [_thread_blocked, id=3260, stack(0x0000008787500000,0x0000008787600000) (1024K)]
  0x000001c4aa3cfbf0 JavaThread "Daemon worker"                     [_thread_blocked, id=11696, stack(0x0000008787600000,0x0000008787700000) (1024K)]
  0x000001c4aa5678e0 JavaThread "Asynchronous log dispatcher for DefaultDaemonConnection: socket connection from /127.0.0.1:53972 to /127.0.0.1:53975"        [_thread_blocked, id=15776, stack(0x0000008787700000,0x0000008787800000) (1024K)]
  0x000001c4aa566530 JavaThread "Stdin handler"                     [_thread_blocked, id=6320, stack(0x0000008787800000,0x0000008787900000) (1024K)]
  0x000001c4aa565180 JavaThread "Daemon client event forwarder"        [_thread_blocked, id=9900, stack(0x0000008787900000,0x0000008787a00000) (1024K)]
  0x000001c4aa566bc0 JavaThread "Cache worker for journal cache (E:\Android\.gradle\caches\journal-1)"        [_thread_blocked, id=10920, stack(0x0000008787c00000,0x0000008787d00000) (1024K)]
  0x000001c4aa567250 JavaThread "File lock request listener"        [_thread_in_native, id=17200, stack(0x0000008787d00000,0x0000008787e00000) (1024K)]
  0x000001c4aa565810 JavaThread "Cache worker for file hash cache (E:\Android\.gradle\caches\8.11.1\fileHashes)"        [_thread_blocked, id=13936, stack(0x0000008787e00000,0x0000008787f00000) (1024K)]
  0x000001c4aa567f70 JavaThread "Cache worker for file content cache (E:\Android\.gradle\caches\8.11.1\fileContent)"        [_thread_blocked, id=20492, stack(0x0000008787f00000,0x0000008788000000) (1024K)]
  0x000001c4aa564af0 JavaThread "Cache worker for file hash cache (E:\AndroidStudioProjects\Swasth\.gradle\8.11.1\fileHashes)"        [_thread_blocked, id=22136, stack(0x0000008788000000,0x0000008788100000) (1024K)]
  0x000001c4aa565ea0 JavaThread "Cache worker for Build Output Cleanup Cache (E:\AndroidStudioProjects\Swasth\.gradle\buildOutputCleanup)"        [_thread_blocked, id=10760, stack(0x0000008788100000,0x0000008788200000) (1024K)]
  0x000001c4ab70f570 JavaThread "File watcher server"        daemon [_thread_in_native, id=2180, stack(0x0000008788200000,0x0000008788300000) (1024K)]
  0x000001c4ab710290 JavaThread "File watcher consumer"      daemon [_thread_blocked, id=14504, stack(0x0000008788300000,0x0000008788400000) (1024K)]
  0x000001c4ab70b3d0 JavaThread "Cache worker for checksums cache (E:\AndroidStudioProjects\Swasth\.gradle\8.11.1\checksums)"        [_thread_blocked, id=21368, stack(0x0000008786900000,0x0000008786a00000) (1024K)]
  0x000001c4ab70a020 JavaThread "Cache worker for cache directory md-rule (E:\Android\.gradle\caches\8.11.1\md-rule)"        [_thread_blocked, id=6708, stack(0x0000008788400000,0x0000008788500000) (1024K)]
  0x000001c4ab70db30 JavaThread "Cache worker for cache directory md-supplier (E:\Android\.gradle\caches\8.11.1\md-supplier)"        [_thread_blocked, id=16344, stack(0x0000008788500000,0x0000008788600000) (1024K)]
  0x000001c4ab70e1c0 JavaThread "Unconstrained build operations"        [_thread_blocked, id=2812, stack(0x0000008788600000,0x0000008788700000) (1024K)]
  0x000001c4ab70eee0 JavaThread "Unconstrained build operations Thread 2"        [_thread_blocked, id=11468, stack(0x0000008788700000,0x0000008788800000) (1024K)]
  0x000001c4ab70fc00 JavaThread "Unconstrained build operations Thread 3"        [_thread_blocked, id=9888, stack(0x0000008788800000,0x0000008788900000) (1024K)]
  0x000001c4ab70c0f0 JavaThread "Unconstrained build operations Thread 4"        [_thread_blocked, id=6944, stack(0x0000008788900000,0x0000008788a00000) (1024K)]
  0x000001c4ab70ce10 JavaThread "Unconstrained build operations Thread 5"        [_thread_blocked, id=680, stack(0x0000008788a00000,0x0000008788b00000) (1024K)]
  0x000001c4ab70e850 JavaThread "Unconstrained build operations Thread 6"        [_thread_blocked, id=9660, stack(0x0000008788b00000,0x0000008788c00000) (1024K)]
  0x000001c4ae1290f0 JavaThread "Unconstrained build operations Thread 7"        [_thread_blocked, id=21548, stack(0x0000008788c00000,0x0000008788d00000) (1024K)]
  0x000001c4ae1283d0 JavaThread "Unconstrained build operations Thread 8"        [_thread_blocked, id=11984, stack(0x0000008788d00000,0x0000008788e00000) (1024K)]
  0x000001c4ae1276b0 JavaThread "Unconstrained build operations Thread 9"        [_thread_blocked, id=15432, stack(0x0000008788e00000,0x0000008788f00000) (1024K)]
  0x000001c4ae1255e0 JavaThread "Unconstrained build operations Thread 10"        [_thread_blocked, id=12836, stack(0x0000008788f00000,0x0000008789000000) (1024K)]
  0x000001c4ae12b1c0 JavaThread "Unconstrained build operations Thread 11"        [_thread_blocked, id=7184, stack(0x0000008789000000,0x0000008789100000) (1024K)]
  0x000001c4ae12cc00 JavaThread "Unconstrained build operations Thread 12"        [_thread_blocked, id=14432, stack(0x0000008789100000,0x0000008789200000) (1024K)]
  0x000001c4ae128a60 JavaThread "Unconstrained build operations Thread 13"        [_thread_blocked, id=6720, stack(0x0000008789200000,0x0000008789300000) (1024K)]
  0x000001c4ae12b850 JavaThread "Unconstrained build operations Thread 14"        [_thread_blocked, id=12808, stack(0x0000008789300000,0x0000008789400000) (1024K)]
  0x000001c4ae129e10 JavaThread "Unconstrained build operations Thread 15"        [_thread_blocked, id=22100, stack(0x0000008786800000,0x0000008786900000) (1024K)]
  0x000001c4ae12a4a0 JavaThread "Unconstrained build operations Thread 16"        [_thread_blocked, id=10672, stack(0x0000008789400000,0x0000008789500000) (1024K)]
  0x000001c4ae12ab30 JavaThread "Unconstrained build operations Thread 17"        [_thread_blocked, id=13048, stack(0x0000008789500000,0x0000008789600000) (1024K)]
  0x000001c4ae12c570 JavaThread "Unconstrained build operations Thread 18"        [_thread_blocked, id=10656, stack(0x0000008789600000,0x0000008789700000) (1024K)]
  0x000001c4ae127020 JavaThread "Unconstrained build operations Thread 19"        [_thread_blocked, id=14388, stack(0x0000008789700000,0x0000008789800000) (1024K)]
  0x000001c4ae125c70 JavaThread "Unconstrained build operations Thread 20"        [_thread_blocked, id=5820, stack(0x0000008789800000,0x0000008789900000) (1024K)]
  0x000001c4ae12bee0 JavaThread "Unconstrained build operations Thread 21"        [_thread_blocked, id=9456, stack(0x0000008789900000,0x0000008789a00000) (1024K)]
Total: 53

Other Threads:
  0x000001c4a3d854f0 VMThread "VM Thread"                           [id=16444, stack(0x0000008785d00000,0x0000008785e00000) (1024K)]
  0x000001c4a3c9c910 WatcherThread "VM Periodic Task Thread"        [id=5088, stack(0x0000008785c00000,0x0000008785d00000) (1024K)]
  0x000001c48c644ce0 WorkerThread "GC Thread#0"                     [id=21860, stack(0x0000008785700000,0x0000008785800000) (1024K)]
=>0x000001c4a4491650 WorkerThread "GC Thread#1"                     [id=3840, stack(0x0000008786a00000,0x0000008786b00000) (1024K)]
  0x000001c4a4a76fa0 WorkerThread "GC Thread#2"                     [id=19020, stack(0x0000008786b00000,0x0000008786c00000) (1024K)]
  0x000001c4a4a77340 WorkerThread "GC Thread#3"                     [id=6208, stack(0x0000008786c00000,0x0000008786d00000) (1024K)]
  0x000001c4a4abf8c0 WorkerThread "GC Thread#4"                     [id=1660, stack(0x0000008786d00000,0x0000008786e00000) (1024K)]
  0x000001c4a4abfc60 WorkerThread "GC Thread#5"                     [id=15704, stack(0x0000008786e00000,0x0000008786f00000) (1024K)]
  0x000001c4a4ac0000 WorkerThread "GC Thread#6"                     [id=10128, stack(0x0000008786f00000,0x0000008787000000) (1024K)]
  0x000001c4a9e28e50 WorkerThread "GC Thread#7"                     [id=5744, stack(0x0000008787a00000,0x0000008787b00000) (1024K)]
  0x000001c48c656440 ConcurrentGCThread "G1 Main Marker"            [id=14772, stack(0x0000008785800000,0x0000008785900000) (1024K)]
  0x000001c48c656f40 WorkerThread "G1 Conc#0"                       [id=10584, stack(0x0000008785900000,0x0000008785a00000) (1024K)]
  0x000001c4a9e29590 WorkerThread "G1 Conc#1"                       [id=9160, stack(0x0000008787b00000,0x0000008787c00000) (1024K)]
  0x000001c4a3beaf50 ConcurrentGCThread "G1 Refine#0"               [id=15396, stack(0x0000008785a00000,0x0000008785b00000) (1024K)]
  0x000001c4a3beb9d0 ConcurrentGCThread "G1 Service"                [id=22380, stack(0x0000008785b00000,0x0000008785c00000) (1024K)]
Total: 15

Threads with active compile tasks:
Total: 0

VM state: at safepoint (normal execution)

VM Mutex/Monitor currently owned by a thread:  ([mutex/lock_event])
[0x00007ffcca7fac60] FreeList_lock - owner thread: 0x000001c4a4491650
[0x00007ffcca7fd360] Threads_lock - owner thread: 0x000001c4a3d854f0
[0x00007ffcca7fd460] Heap_lock - owner thread: 0x000001c4aa3cfbf0

Heap address: 0x0000000080000000, size: 2048 MB, Compressed Oops mode: 32-bit

CDS archive(s) not mapped
Compressed class space mapped at: 0x0000000100000000-0x0000000140000000, reserved size: 1073741824
Narrow klass base: 0x0000000000000000, Narrow klass shift: 3, Narrow klass range: 0x140000000

GC Precious Log:
 CardTable entry size: 512
 Card Set container configuration: InlinePtr #cards 5 size 8 Array Of Cards #cards 12 size 40 Howl #buckets 4 coarsen threshold 1843 Howl Bitmap #cards 512 size 80 coarsen threshold 460 Card regions per heap region 1 cards per card region 2048
 CPUs: 8 total, 8 available
 Memory: 20220M
 Large Page Support: Disabled
 NUMA Support: Disabled
 Compressed Oops: Enabled (32-bit)
 Heap Region Size: 1M
 Heap Min Capacity: 8M
 Heap Initial Capacity: 316M
 Heap Max Capacity: 2G
 Pre-touch: Disabled
 Parallel Workers: 8
 Concurrent Workers: 2
 Concurrent Refinement Workers: 8
 Periodic GC: Disabled

Heap:
 garbage-first heap   total 109568K, used 99427K [0x0000000080000000, 0x0000000100000000)
  region size 1024K, 35 young (35840K), 5 survivors (5120K)
 Metaspace       used 69449K, committed 71168K, reserved 1114112K
  class space    used 9418K, committed 10304K, reserved 1048576K

Heap Regions: E=young(eden), S=young(survivor), O=old, HS=humongous(starts), HC=humongous(continues), CS=collection set, F=free, TAMS=top-at-mark-start, PB=parsable bottom
|   0|0x0000000080000000, 0x0000000080100000, 0x0000000080100000|100%| O|  |TAMS 0x0000000080000000| PB 0x0000000080000000| Untracked 
|   1|0x0000000080100000, 0x0000000080200000, 0x0000000080200000|100%|HS|  |TAMS 0x0000000080100000| PB 0x0000000080100000| Complete 
|   2|0x0000000080200000, 0x0000000080300000, 0x0000000080300000|100%|HC|  |TAMS 0x0000000080200000| PB 0x0000000080200000| Complete 
|   3|0x0000000080300000, 0x0000000080400000, 0x0000000080400000|100%|HC|  |TAMS 0x0000000080300000| PB 0x0000000080300000| Complete 
|   4|0x0000000080400000, 0x0000000080500000, 0x0000000080500000|100%| O|  |TAMS 0x0000000080400000| PB 0x0000000080400000| Untracked 
|   5|0x0000000080500000, 0x0000000080600000, 0x0000000080600000|100%| O|  |TAMS 0x0000000080500000| PB 0x0000000080500000| Untracked 
|   6|0x0000000080600000, 0x0000000080700000, 0x0000000080700000|100%| O|  |TAMS 0x0000000080600000| PB 0x0000000080600000| Untracked 
|   7|0x0000000080700000, 0x0000000080800000, 0x0000000080800000|100%|HS|  |TAMS 0x0000000080700000| PB 0x0000000080700000| Complete 
|   8|0x0000000080800000, 0x0000000080900000, 0x0000000080900000|100%| O|  |TAMS 0x0000000080800000| PB 0x0000000080800000| Untracked 
|   9|0x0000000080900000, 0x0000000080a00000, 0x0000000080a00000|100%| O|  |TAMS 0x0000000080900000| PB 0x0000000080900000| Untracked 
|  10|0x0000000080a00000, 0x0000000080b00000, 0x0000000080b00000|100%| O|  |TAMS 0x0000000080a00000| PB 0x0000000080a00000| Untracked 
|  11|0x0000000080b00000, 0x0000000080c00000, 0x0000000080c00000|100%| O|  |TAMS 0x0000000080b00000| PB 0x0000000080b00000| Untracked 
|  12|0x0000000080c00000, 0x0000000080d00000, 0x0000000080d00000|100%| O|  |TAMS 0x0000000080c00000| PB 0x0000000080c00000| Untracked 
|  13|0x0000000080d00000, 0x0000000080e00000, 0x0000000080e00000|100%| O|  |TAMS 0x0000000080d00000| PB 0x0000000080d00000| Untracked 
|  14|0x0000000080e00000, 0x0000000080f00000, 0x0000000080f00000|100%| O|  |TAMS 0x0000000080e00000| PB 0x0000000080e00000| Untracked 
|  15|0x0000000080f00000, 0x0000000081000000, 0x0000000081000000|100%| O|  |TAMS 0x0000000080f00000| PB 0x0000000080f00000| Untracked 
|  16|0x0000000081000000, 0x0000000081100000, 0x0000000081100000|100%| O|  |TAMS 0x0000000081000000| PB 0x0000000081000000| Untracked 
|  17|0x0000000081100000, 0x0000000081200000, 0x0000000081200000|100%| O|  |TAMS 0x0000000081100000| PB 0x0000000081100000| Untracked 
|  18|0x0000000081200000, 0x0000000081300000, 0x0000000081300000|100%| O|  |TAMS 0x0000000081200000| PB 0x0000000081200000| Untracked 
|  19|0x0000000081300000, 0x0000000081400000, 0x0000000081400000|100%| O|  |TAMS 0x0000000081300000| PB 0x0000000081300000| Untracked 
|  20|0x0000000081400000, 0x0000000081500000, 0x0000000081500000|100%| O|  |TAMS 0x0000000081400000| PB 0x0000000081400000| Untracked 
|  21|0x0000000081500000, 0x0000000081600000, 0x0000000081600000|100%| O|  |TAMS 0x0000000081500000| PB 0x0000000081500000| Untracked 
|  22|0x0000000081600000, 0x0000000081700000, 0x0000000081700000|100%| O|  |TAMS 0x0000000081600000| PB 0x0000000081600000| Untracked 
|  23|0x0000000081700000, 0x0000000081800000, 0x0000000081800000|100%| O|  |TAMS 0x0000000081700000| PB 0x0000000081700000| Untracked 
|  24|0x0000000081800000, 0x0000000081900000, 0x0000000081900000|100%| O|  |TAMS 0x0000000081800000| PB 0x0000000081800000| Untracked 
|  25|0x0000000081900000, 0x0000000081a00000, 0x0000000081a00000|100%| O|  |TAMS 0x0000000081900000| PB 0x0000000081900000| Untracked 
|  26|0x0000000081a00000, 0x0000000081b00000, 0x0000000081b00000|100%| O|  |TAMS 0x0000000081a00000| PB 0x0000000081a00000| Untracked 
|  27|0x0000000081b00000, 0x0000000081c00000, 0x0000000081c00000|100%| O|  |TAMS 0x0000000081b00000| PB 0x0000000081b00000| Untracked 
|  28|0x0000000081c00000, 0x0000000081d00000, 0x0000000081d00000|100%| O|  |TAMS 0x0000000081c00000| PB 0x0000000081c00000| Untracked 
|  29|0x0000000081d00000, 0x0000000081e00000, 0x0000000081e00000|100%| O|  |TAMS 0x0000000081d00000| PB 0x0000000081d00000| Untracked 
|  30|0x0000000081e00000, 0x0000000081f00000, 0x0000000081f00000|100%| O|  |TAMS 0x0000000081e00000| PB 0x0000000081e00000| Untracked 
|  31|0x0000000081f00000, 0x0000000082000000, 0x0000000082000000|100%| O|  |TAMS 0x0000000081f00000| PB 0x0000000081f00000| Untracked 
|  32|0x0000000082000000, 0x0000000082100000, 0x0000000082100000|100%| O|  |TAMS 0x0000000082000000| PB 0x0000000082000000| Untracked 
|  33|0x0000000082100000, 0x0000000082200000, 0x0000000082200000|100%| O|  |TAMS 0x0000000082100000| PB 0x0000000082100000| Untracked 
|  34|0x0000000082200000, 0x0000000082300000, 0x0000000082300000|100%| O|  |TAMS 0x0000000082200000| PB 0x0000000082200000| Untracked 
|  35|0x0000000082300000, 0x0000000082400000, 0x0000000082400000|100%| O|  |TAMS 0x0000000082300000| PB 0x0000000082300000| Untracked 
|  36|0x0000000082400000, 0x0000000082500000, 0x0000000082500000|100%| O|  |TAMS 0x0000000082400000| PB 0x0000000082400000| Untracked 
|  37|0x0000000082500000, 0x0000000082600000, 0x0000000082600000|100%| O|  |TAMS 0x0000000082500000| PB 0x0000000082500000| Untracked 
|  38|0x0000000082600000, 0x0000000082700000, 0x0000000082700000|100%| O|  |TAMS 0x0000000082600000| PB 0x0000000082600000| Untracked 
|  39|0x0000000082700000, 0x0000000082800000, 0x0000000082800000|100%| O|  |TAMS 0x0000000082700000| PB 0x0000000082700000| Untracked 
|  40|0x0000000082800000, 0x0000000082900000, 0x0000000082900000|100%| O|CS|TAMS 0x0000000082800000| PB 0x0000000082800000| Complete 
|  41|0x0000000082900000, 0x0000000082a00000, 0x0000000082a00000|100%| O|  |TAMS 0x0000000082900000| PB 0x0000000082900000| Untracked 
|  42|0x0000000082a00000, 0x0000000082b00000, 0x0000000082b00000|100%| O|  |TAMS 0x0000000082a00000| PB 0x0000000082a00000| Untracked 
|  43|0x0000000082b00000, 0x0000000082c00000, 0x0000000082c00000|100%| O|  |TAMS 0x0000000082b00000| PB 0x0000000082b00000| Untracked 
|  44|0x0000000082c00000, 0x0000000082d00000, 0x0000000082d00000|100%| O|  |TAMS 0x0000000082c00000| PB 0x0000000082c00000| Untracked 
|  45|0x0000000082d00000, 0x0000000082e00000, 0x0000000082e00000|100%| O|  |TAMS 0x0000000082d00000| PB 0x0000000082d00000| Untracked 
|  46|0x0000000082e00000, 0x0000000082f00000, 0x0000000082f00000|100%| O|CS|TAMS 0x0000000082e00000| PB 0x0000000082e00000| Complete 
|  47|0x0000000082f00000, 0x0000000083000000, 0x0000000083000000|100%| O|  |TAMS 0x0000000082f00000| PB 0x0000000082f00000| Untracked 
|  48|0x0000000083000000, 0x0000000083100000, 0x0000000083100000|100%|HS|  |TAMS 0x0000000083000000| PB 0x0000000083000000| Complete 
|  49|0x0000000083100000, 0x0000000083200000, 0x0000000083200000|100%|HS|  |TAMS 0x0000000083100000| PB 0x0000000083100000| Complete 
|  50|0x0000000083200000, 0x0000000083300000, 0x0000000083300000|100%|HS|  |TAMS 0x0000000083200000| PB 0x0000000083200000| Complete 
|  51|0x0000000083300000, 0x0000000083400000, 0x0000000083400000|100%|HC|  |TAMS 0x0000000083300000| PB 0x0000000083300000| Complete 
|  52|0x0000000083400000, 0x0000000083500000, 0x0000000083500000|100%|HS|  |TAMS 0x0000000083400000| PB 0x0000000083400000| Complete 
|  53|0x0000000083500000, 0x0000000083600000, 0x0000000083600000|100%|HC|  |TAMS 0x0000000083500000| PB 0x0000000083500000| Complete 
|  54|0x0000000083600000, 0x0000000083700000, 0x0000000083700000|100%| O|  |TAMS 0x0000000083600000| PB 0x0000000083600000| Untracked 
|  55|0x0000000083700000, 0x0000000083800000, 0x0000000083800000|100%| E|CS|TAMS 0x0000000083700000| PB 0x0000000083700000| Complete 
|  56|0x0000000083800000, 0x0000000083900000, 0x0000000083900000|100%| E|CS|TAMS 0x0000000083800000| PB 0x0000000083800000| Complete 
|  57|0x0000000083900000, 0x0000000083a00000, 0x0000000083a00000|100%|HS|  |TAMS 0x0000000083900000| PB 0x0000000083900000| Complete 
|  58|0x0000000083a00000, 0x0000000083b00000, 0x0000000083b00000|100%|HS|  |TAMS 0x0000000083a00000| PB 0x0000000083a00000| Complete 
|  59|0x0000000083b00000, 0x0000000083c00000, 0x0000000083c00000|100%|HS|  |TAMS 0x0000000083b00000| PB 0x0000000083b00000| Complete 
|  60|0x0000000083c00000, 0x0000000083d00000, 0x0000000083d00000|100%|HS|  |TAMS 0x0000000083c00000| PB 0x0000000083c00000| Complete 
|  61|0x0000000083d00000, 0x0000000083e00000, 0x0000000083e00000|100%|HS|  |TAMS 0x0000000083d00000| PB 0x0000000083d00000| Complete 
|  62|0x0000000083e00000, 0x0000000083f00000, 0x0000000083f00000|100%| E|CS|TAMS 0x0000000083e00000| PB 0x0000000083e00000| Complete 
|  63|0x0000000083f00000, 0x0000000084000000, 0x0000000084000000|100%| E|CS|TAMS 0x0000000083f00000| PB 0x0000000083f00000| Complete 
|  64|0x0000000084000000, 0x0000000084100000, 0x0000000084100000|100%| E|CS|TAMS 0x0000000084000000| PB 0x0000000084000000| Complete 
|  65|0x0000000084100000, 0x0000000084200000, 0x0000000084200000|100%| E|CS|TAMS 0x0000000084100000| PB 0x0000000084100000| Complete 
|  66|0x0000000084200000, 0x0000000084300000, 0x0000000084300000|100%| O|  |TAMS 0x0000000084200000| PB 0x0000000084200000| Untracked 
|  67|0x0000000084300000, 0x0000000084400000, 0x0000000084400000|100%| O|  |TAMS 0x0000000084300000| PB 0x0000000084300000| Untracked 
|  68|0x0000000084400000, 0x0000000084500000, 0x0000000084500000|100%| O|  |TAMS 0x0000000084400000| PB 0x0000000084400000| Untracked 
|  69|0x0000000084500000, 0x0000000084600000, 0x0000000084600000|100%| S|  |TAMS 0x0000000084500000| PB 0x0000000084500000| Complete 
|  70|0x0000000084600000, 0x0000000084700000, 0x0000000084700000|100%| S|  |TAMS 0x0000000084600000| PB 0x0000000084600000| Complete 
|  71|0x0000000084700000, 0x0000000084800000, 0x0000000084800000|100%| S|  |TAMS 0x0000000084700000| PB 0x0000000084700000| Complete 
|  72|0x0000000084800000, 0x0000000084900000, 0x0000000084900000|100%| S|  |TAMS 0x0000000084800000| PB 0x0000000084800000| Complete 
|  73|0x0000000084900000, 0x0000000084a00000, 0x0000000084a00000|100%| S|  |TAMS 0x0000000084900000| PB 0x0000000084900000| Complete 
|  74|0x0000000084a00000, 0x0000000084b00000, 0x0000000084b00000|100%| E|CS|TAMS 0x0000000084a00000| PB 0x0000000084a00000| Complete 
|  75|0x0000000084b00000, 0x0000000084c00000, 0x0000000084c00000|100%| E|CS|TAMS 0x0000000084b00000| PB 0x0000000084b00000| Complete 
|  76|0x0000000084c00000, 0x0000000084d00000, 0x0000000084d00000|100%| E|CS|TAMS 0x0000000084c00000| PB 0x0000000084c00000| Complete 
|  77|0x0000000084d00000, 0x0000000084e00000, 0x0000000084e00000|100%| E|CS|TAMS 0x0000000084d00000| PB 0x0000000084d00000| Complete 
|  78|0x0000000084e00000, 0x0000000084f00000, 0x0000000084f00000|100%| E|CS|TAMS 0x0000000084e00000| PB 0x0000000084e00000| Complete 
|  79|0x0000000084f00000, 0x0000000085000000, 0x0000000085000000|100%| E|CS|TAMS 0x0000000084f00000| PB 0x0000000084f00000| Complete 
|  80|0x0000000085000000, 0x0000000085100000, 0x0000000085100000|100%| E|CS|TAMS 0x0000000085000000| PB 0x0000000085000000| Complete 
|  81|0x0000000085100000, 0x0000000085200000, 0x0000000085200000|100%| E|CS|TAMS 0x0000000085100000| PB 0x0000000085100000| Complete 
|  82|0x0000000085200000, 0x0000000085300000, 0x0000000085300000|100%| E|CS|TAMS 0x0000000085200000| PB 0x0000000085200000| Complete 
|  83|0x0000000085300000, 0x0000000085400000, 0x0000000085400000|100%| E|CS|TAMS 0x0000000085300000| PB 0x0000000085300000| Complete 
|  84|0x0000000085400000, 0x0000000085500000, 0x0000000085500000|100%| E|CS|TAMS 0x0000000085400000| PB 0x0000000085400000| Complete 
|  85|0x0000000085500000, 0x0000000085600000, 0x0000000085600000|100%| E|CS|TAMS 0x0000000085500000| PB 0x0000000085500000| Complete 
|  86|0x0000000085600000, 0x0000000085700000, 0x0000000085700000|100%| E|CS|TAMS 0x0000000085600000| PB 0x0000000085600000| Complete 
|  87|0x0000000085700000, 0x0000000085800000, 0x0000000085800000|100%| E|CS|TAMS 0x0000000085700000| PB 0x0000000085700000| Complete 
|  88|0x0000000085800000, 0x0000000085900000, 0x0000000085900000|100%| E|CS|TAMS 0x0000000085800000| PB 0x0000000085800000| Complete 
|  89|0x0000000085900000, 0x0000000085a00000, 0x0000000085a00000|100%| E|CS|TAMS 0x0000000085900000| PB 0x0000000085900000| Complete 
|  90|0x0000000085a00000, 0x0000000085b00000, 0x0000000085b00000|100%| E|CS|TAMS 0x0000000085a00000| PB 0x0000000085a00000| Complete 
|  91|0x0000000085b00000, 0x0000000085c00000, 0x0000000085c00000|100%| E|CS|TAMS 0x0000000085b00000| PB 0x0000000085b00000| Complete 
|  92|0x0000000085c00000, 0x0000000085d00000, 0x0000000085d00000|100%| E|CS|TAMS 0x0000000085c00000| PB 0x0000000085c00000| Complete 
|  93|0x0000000085d00000, 0x0000000085e00000, 0x0000000085e00000|100%| E|CS|TAMS 0x0000000085d00000| PB 0x0000000085d00000| Complete 
| 281|0x0000000091900000, 0x0000000091a00000, 0x0000000091a00000|100%| E|CS|TAMS 0x0000000091900000| PB 0x0000000091900000| Complete 
| 282|0x0000000091a00000, 0x0000000091b00000, 0x0000000091b00000|100%| E|CS|TAMS 0x0000000091a00000| PB 0x0000000091a00000| Complete 
| 283|0x0000000091b00000, 0x0000000091c00000, 0x0000000091c00000|100%| E|CS|TAMS 0x0000000091b00000| PB 0x0000000091b00000| Complete 
| 284|0x0000000091c00000, 0x0000000091d00000, 0x0000000091d00000|100%| E|CS|TAMS 0x0000000091c00000| PB 0x0000000091c00000| Complete 
| 285|0x0000000091d00000, 0x0000000091e00000, 0x0000000091e00000|100%| E|CS|TAMS 0x0000000091d00000| PB 0x0000000091d00000| Complete 
| 286|0x0000000091e00000, 0x0000000091f00000, 0x0000000091f00000|100%| E|CS|TAMS 0x0000000091e00000| PB 0x0000000091e00000| Complete 
| 287|0x0000000091f00000, 0x0000000092000000, 0x0000000092000000|100%| E|CS|TAMS 0x0000000091f00000| PB 0x0000000091f00000| Complete 
| 288|0x0000000092000000, 0x0000000092100000, 0x0000000092100000|100%| E|CS|TAMS 0x0000000092000000| PB 0x0000000092000000| Complete 
| 289|0x0000000092100000, 0x0000000092200000, 0x0000000092200000|100%| E|CS|TAMS 0x0000000092100000| PB 0x0000000092100000| Complete 
| 315|0x0000000093b00000, 0x0000000093c00000, 0x0000000093c00000|100%| E|CS|TAMS 0x0000000093b00000| PB 0x0000000093b00000| Complete 
|2045|0x00000000ffd00000, 0x00000000ffe00000, 0x00000000ffe00000|100%| O|  |TAMS 0x00000000ffd00000| PB 0x00000000ffd00000| Untracked 
|2046|0x00000000ffe00000, 0x00000000fff00000, 0x00000000fff00000|100%| O|  |TAMS 0x00000000ffe00000| PB 0x00000000ffe00000| Untracked 
|2047|0x00000000fff00000, 0x0000000100000000, 0x0000000100000000|100%| O|CS|TAMS 0x00000000fff00000| PB 0x00000000fff00000| Complete 

Card table byte_map: [0x000001c49ee70000,0x000001c49f270000] _byte_map_base: 0x000001c49ea70000

Marking Bits: (CMBitMap*) 0x000001c48c6453e0
 Bits: [0x000001c49f270000, 0x000001c4a1270000)

Polling page: 0x000001c48bdb0000

Metaspace:

Usage:
  Non-class:     58.62 MB used.
      Class:      9.20 MB used.
       Both:     67.82 MB used.

Virtual space:
  Non-class space:       64.00 MB reserved,      59.44 MB ( 93%) committed,  1 nodes.
      Class space:        1.00 GB reserved,      10.06 MB ( <1%) committed,  1 nodes.
             Both:        1.06 GB reserved,      69.50 MB (  6%) committed. 

Chunk freelists:
   Non-Class:  4.38 MB
       Class:  5.86 MB
        Both:  10.24 MB

MaxMetaspaceSize: unlimited
CompressedClassSpaceSize: 1.00 GB
Initial GC threshold: 21.00 MB
Current GC threshold: 111.81 MB
CDS: off
 - commit_granule_bytes: 65536.
 - commit_granule_words: 8192.
 - virtual_space_node_default_size: 8388608.
 - enlarge_chunks_in_place: 1.
 - use_allocation_guard: 0.


Internal statistics:

num_allocs_failed_limit: 9.
num_arena_births: 3176.
num_arena_deaths: 0.
num_vsnodes_births: 2.
num_vsnodes_deaths: 0.
num_space_committed: 1112.
num_space_uncommitted: 0.
num_chunks_returned_to_freelist: 9.
num_chunks_taken_from_freelist: 5993.
num_chunk_merges: 9.
num_chunk_splits: 3916.
num_chunks_enlarged: 2465.
num_inconsistent_stats: 0.

CodeHeap 'non-profiled nmethods': size=120000Kb used=4138Kb max_used=4276Kb free=115861Kb
 bounds [0x000001c497210000, 0x000001c497640000, 0x000001c49e740000]
CodeHeap 'profiled nmethods': size=120000Kb used=13254Kb max_used=13336Kb free=106745Kb
 bounds [0x000001c48f740000, 0x000001c490450000, 0x000001c496c70000]
CodeHeap 'non-nmethods': size=5760Kb used=2201Kb max_used=2234Kb free=3558Kb
 bounds [0x000001c496c70000, 0x000001c496ee0000, 0x000001c497210000]
 total_blobs=8099 nmethods=7337 adapters=664
 compilation: enabled
              stopped_count=0, restarted_count=0
 full_count=0

Compilation events (20 events):
Event: 22.543 Thread 0x000001c4a3e29cf0 8489       4       jdk.internal.reflect.ConstantPool::getUTF8At (10 bytes)
Event: 22.543 Thread 0x000001c4a3e1d3b0 8493       3       org.gradle.internal.service.DefaultServiceRegistry::getService (14 bytes)
Event: 22.543 Thread 0x000001c4a3e1d3b0 nmethod 8493 0x000001c48feae290 code [0x000001c48feae440, 0x000001c48feae5d0]
Event: 22.543 Thread 0x000001c4a3e29cf0 nmethod 8489 0x000001c4974c7710 code [0x000001c4974c78a0, 0x000001c4974c7960]
Event: 22.544 Thread 0x000001c4a3e29cf0 8494       4       sun.invoke.util.VerifyType::isNullConversion (157 bytes)
Event: 22.547 Thread 0x000001c4a3e29cf0 nmethod 8494 0x000001c4974c6c10 code [0x000001c4974c6e40, 0x000001c4974c72f8]
Event: 22.548 Thread 0x000001c4a3e29cf0 8495       4       org.gradle.internal.io.StreamByteBuffer$StreamByteBufferChunk::readFrom (30 bytes)
Event: 22.553 Thread 0x000001c4a3e29cf0 nmethod 8495 0x000001c4974c5990 code [0x000001c4974c5be0, 0x000001c4974c6520]
Event: 22.576 Thread 0x000001c4a3e29cf0 8496       4       java.lang.String::indexOf (64 bytes)
Event: 22.576 Thread 0x000001c4a3e29cf0 nmethod 8496 0x000001c4974c5490 code [0x000001c4974c5620, 0x000001c4974c5880]
Event: 22.605 Thread 0x000001c4a3e1d3b0 8497   !   3       org.gradle.internal.classloader.VisitableURLClassLoader$InstrumentingVisitableURLClassLoader::findClass (36 bytes)
Event: 22.605 Thread 0x000001c4a3e1d3b0 nmethod 8497 0x000001c48ff77f10 code [0x000001c48ff78140, 0x000001c48ff78730]
Event: 22.605 Thread 0x000001c4a3e1d3b0 8498       3       org.gradle.internal.classloader.TransformErrorHandler::enterClassLoadingScope (50 bytes)
Event: 22.605 Thread 0x000001c4a3e1d3b0 nmethod 8498 0x000001c48fc37c90 code [0x000001c48fc37f20, 0x000001c48fc38940]
Event: 22.613 Thread 0x000001c4a3e1d3b0 8499       3       org.gradle.internal.classloader.TransformReplacer::getLoader (46 bytes)
Event: 22.614 Thread 0x000001c4a3e1d3b0 nmethod 8499 0x000001c48fc36c10 code [0x000001c48fc36e60, 0x000001c48fc378c8]
Event: 22.614 Thread 0x000001c4a3e1d3b0 8500  s!   3       org.gradle.internal.classloader.TransformReplacer$JarLoader::loadTransformedClass (55 bytes)
Event: 22.614 Thread 0x000001c4a3e1d3b0 nmethod 8500 0x000001c48fcfa110 code [0x000001c48fcfa420, 0x000001c48fcfb508]
Event: 22.685 Thread 0x000001c4a3e1d3b0 8501       1       org.gradle.api.internal.provider.ValueState$NonFinalizedValue::setConvention (6 bytes)
Event: 22.685 Thread 0x000001c4a3e1d3b0 nmethod 8501 0x000001c4974c5190 code [0x000001c4974c5320, 0x000001c4974c5430]

GC Heap History (20 events):
Event: 8.213 GC heap after
{Heap after GC invocations=12 (full 0):
 garbage-first heap   total 88064K, used 35447K [0x0000000080000000, 0x0000000100000000)
  region size 1024K, 4 young (4096K), 4 survivors (4096K)
 Metaspace       used 50366K, committed 51840K, reserved 1114112K
  class space    used 6826K, committed 7552K, reserved 1048576K
}
Event: 8.963 GC heap before
{Heap before GC invocations=12 (full 0):
 garbage-first heap   total 88064K, used 77431K [0x0000000080000000, 0x0000000100000000)
  region size 1024K, 43 young (44032K), 4 survivors (4096K)
 Metaspace       used 56292K, committed 57792K, reserved 1114112K
  class space    used 7573K, committed 8320K, reserved 1048576K
}
Event: 8.967 GC heap after
{Heap after GC invocations=13 (full 0):
 garbage-first heap   total 88064K, used 36415K [0x0000000080000000, 0x0000000100000000)
  region size 1024K, 5 young (5120K), 5 survivors (5120K)
 Metaspace       used 56292K, committed 57792K, reserved 1114112K
  class space    used 7573K, committed 8320K, reserved 1048576K
}
Event: 9.448 GC heap before
{Heap before GC invocations=13 (full 0):
 garbage-first heap   total 88064K, used 54847K [0x0000000080000000, 0x0000000100000000)
  region size 1024K, 24 young (24576K), 5 survivors (5120K)
 Metaspace       used 58736K, committed 60288K, reserved 1114112K
  class space    used 7934K, committed 8704K, reserved 1048576K
}
Event: 9.453 GC heap after
{Heap after GC invocations=14 (full 0):
 garbage-first heap   total 88064K, used 37858K [0x0000000080000000, 0x0000000100000000)
  region size 1024K, 3 young (3072K), 3 survivors (3072K)
 Metaspace       used 58736K, committed 60288K, reserved 1114112K
  class space    used 7934K, committed 8704K, reserved 1048576K
}
Event: 10.724 GC heap before
{Heap before GC invocations=15 (full 0):
 garbage-first heap   total 88064K, used 78818K [0x0000000080000000, 0x0000000100000000)
  region size 1024K, 43 young (44032K), 3 survivors (3072K)
 Metaspace       used 63559K, committed 65216K, reserved 1114112K
  class space    used 8717K, committed 9536K, reserved 1048576K
}
Event: 10.729 GC heap after
{Heap after GC invocations=16 (full 0):
 garbage-first heap   total 88064K, used 41413K [0x0000000080000000, 0x0000000100000000)
  region size 1024K, 6 young (6144K), 6 survivors (6144K)
 Metaspace       used 63559K, committed 65216K, reserved 1114112K
  class space    used 8717K, committed 9536K, reserved 1048576K
}
Event: 11.559 GC heap before
{Heap before GC invocations=16 (full 0):
 garbage-first heap   total 88064K, used 76229K [0x0000000080000000, 0x0000000100000000)
  region size 1024K, 40 young (40960K), 6 survivors (6144K)
 Metaspace       used 66078K, committed 67840K, reserved 1114112K
  class space    used 9038K, committed 9920K, reserved 1048576K
}
Event: 11.568 GC heap after
{Heap after GC invocations=17 (full 0):
 garbage-first heap   total 89088K, used 47104K [0x0000000080000000, 0x0000000100000000)
  region size 1024K, 5 young (5120K), 5 survivors (5120K)
 Metaspace       used 66078K, committed 67840K, reserved 1114112K
  class space    used 9038K, committed 9920K, reserved 1048576K
}
Event: 13.332 GC heap before
{Heap before GC invocations=17 (full 0):
 garbage-first heap   total 89088K, used 76800K [0x0000000080000000, 0x0000000100000000)
  region size 1024K, 35 young (35840K), 5 survivors (5120K)
 Metaspace       used 66411K, committed 68096K, reserved 1114112K
  class space    used 9053K, committed 9920K, reserved 1048576K
}
Event: 13.340 GC heap after
{Heap after GC invocations=18 (full 0):
 garbage-first heap   total 107520K, used 50850K [0x0000000080000000, 0x0000000100000000)
  region size 1024K, 4 young (4096K), 4 survivors (4096K)
 Metaspace       used 66411K, committed 68096K, reserved 1114112K
  class space    used 9053K, committed 9920K, reserved 1048576K
}
Event: 15.279 GC heap before
{Heap before GC invocations=19 (full 0):
 garbage-first heap   total 107520K, used 91810K [0x0000000080000000, 0x0000000100000000)
  region size 1024K, 45 young (46080K), 4 survivors (4096K)
 Metaspace       used 66834K, committed 68480K, reserved 1114112K
  class space    used 9088K, committed 9920K, reserved 1048576K
}
Event: 15.284 GC heap after
{Heap after GC invocations=20 (full 0):
 garbage-first heap   total 107520K, used 53320K [0x0000000080000000, 0x0000000100000000)
  region size 1024K, 6 young (6144K), 6 survivors (6144K)
 Metaspace       used 66834K, committed 68480K, reserved 1114112K
  class space    used 9088K, committed 9920K, reserved 1048576K
}
Event: 16.936 GC heap before
{Heap before GC invocations=20 (full 0):
 garbage-first heap   total 107520K, used 92232K [0x0000000080000000, 0x0000000100000000)
  region size 1024K, 45 young (46080K), 6 survivors (6144K)
 Metaspace       used 66938K, committed 68608K, reserved 1114112K
  class space    used 9088K, committed 9920K, reserved 1048576K
}
Event: 16.940 GC heap after
{Heap after GC invocations=21 (full 0):
 garbage-first heap   total 107520K, used 52979K [0x0000000080000000, 0x0000000100000000)
  region size 1024K, 5 young (5120K), 5 survivors (5120K)
 Metaspace       used 66938K, committed 68608K, reserved 1114112K
  class space    used 9088K, committed 9920K, reserved 1048576K
}
Event: 18.341 GC heap before
{Heap before GC invocations=21 (full 0):
 garbage-first heap   total 107520K, used 92915K [0x0000000080000000, 0x0000000100000000)
  region size 1024K, 45 young (46080K), 5 survivors (5120K)
 Metaspace       used 66962K, committed 68672K, reserved 1114112K
  class space    used 9089K, committed 9920K, reserved 1048576K
}
Event: 18.345 GC heap after
{Heap after GC invocations=22 (full 0):
 garbage-first heap   total 107520K, used 54308K [0x0000000080000000, 0x0000000100000000)
  region size 1024K, 5 young (5120K), 5 survivors (5120K)
 Metaspace       used 66962K, committed 68672K, reserved 1114112K
  class space    used 9089K, committed 9920K, reserved 1048576K
}
Event: 20.788 GC heap before
{Heap before GC invocations=23 (full 0):
 garbage-first heap   total 107520K, used 98340K [0x0000000080000000, 0x0000000100000000)
  region size 1024K, 43 young (44032K), 5 survivors (5120K)
 Metaspace       used 67485K, committed 69248K, reserved 1114112K
  class space    used 9175K, committed 10048K, reserved 1048576K
}
Event: 20.793 GC heap after
{Heap after GC invocations=24 (full 0):
 garbage-first heap   total 108544K, used 63587K [0x0000000080000000, 0x0000000100000000)
  region size 1024K, 6 young (6144K), 6 survivors (6144K)
 Metaspace       used 67485K, committed 69248K, reserved 1114112K
  class space    used 9175K, committed 10048K, reserved 1048576K
}
Event: 22.692 GC heap before
{Heap before GC invocations=24 (full 0):
 garbage-first heap   total 108544K, used 98403K [0x0000000080000000, 0x0000000100000000)
  region size 1024K, 36 young (36864K), 6 survivors (6144K)
 Metaspace       used 69449K, committed 71168K, reserved 1114112K
  class space    used 9418K, committed 10304K, reserved 1048576K
}

Dll operation events (3 events):
Event: 0.008 Loaded shared library C:\Program Files\Android\Android Studio1\jbr\bin\java.dll
Event: 0.014 Loaded shared library C:\Program Files\Android\Android Studio1\jbr\bin\zip.dll
Event: 0.515 Loaded shared library C:\Program Files\Android\Android Studio1\jbr\bin\verify.dll

Deoptimization events (20 events):
Event: 21.804 Thread 0x000001c4aa3cfbf0 Uncommon trap: trap_request=0xffffffc6 fr.pc=0x000001c49761c824 relative=0x0000000000000b24
Event: 21.804 Thread 0x000001c4aa3cfbf0 Uncommon trap: reason=bimorphic_or_optimized_type_check action=maybe_recompile pc=0x000001c49761c824 method=sun.security.provider.DigestBase.engineDigest([BII)I @ 97 c2
Event: 21.804 Thread 0x000001c4aa3cfbf0 DEOPT PACKING pc=0x000001c49761c824 sp=0x00000087876f6ef0
Event: 21.804 Thread 0x000001c4aa3cfbf0 DEOPT UNPACKING pc=0x000001c496cc7da2 sp=0x00000087876f6ec0 mode 2
Event: 21.804 Thread 0x000001c4aa3cfbf0 Uncommon trap: trap_request=0xffffffc6 fr.pc=0x000001c49761c824 relative=0x0000000000000b24
Event: 21.804 Thread 0x000001c4aa3cfbf0 Uncommon trap: reason=bimorphic_or_optimized_type_check action=maybe_recompile pc=0x000001c49761c824 method=sun.security.provider.DigestBase.engineDigest([BII)I @ 97 c2
Event: 21.804 Thread 0x000001c4aa3cfbf0 DEOPT PACKING pc=0x000001c49761c824 sp=0x00000087876f6f80
Event: 21.804 Thread 0x000001c4aa3cfbf0 DEOPT UNPACKING pc=0x000001c496cc7da2 sp=0x00000087876f6f50 mode 2
Event: 21.804 Thread 0x000001c4aa3cfbf0 Uncommon trap: trap_request=0xffffffde fr.pc=0x000001c497520c54 relative=0x0000000000006f74
Event: 21.804 Thread 0x000001c4aa3cfbf0 Uncommon trap: reason=class_check action=maybe_recompile pc=0x000001c497520c54 method=java.util.jar.JarFile.getManifestFromReference()Ljava/util/jar/Manifest; @ 152 c2
Event: 21.804 Thread 0x000001c4aa3cfbf0 DEOPT PACKING pc=0x000001c497520c54 sp=0x00000087876f72a0
Event: 21.804 Thread 0x000001c4aa3cfbf0 DEOPT UNPACKING pc=0x000001c496cc7da2 sp=0x00000087876f6f50 mode 2
Event: 21.921 Thread 0x000001c4aa3cfbf0 Uncommon trap: trap_request=0xffffffc6 fr.pc=0x000001c4972b1954 relative=0x0000000000000374
Event: 21.921 Thread 0x000001c4aa3cfbf0 Uncommon trap: reason=bimorphic_or_optimized_type_check action=maybe_recompile pc=0x000001c4972b1954 method=com.google.common.cache.LocalCache$Segment.getEntry(Ljava/lang/Object;I)Lcom/google/common/cache/ReferenceEntry; @ 11 c2
Event: 21.921 Thread 0x000001c4aa3cfbf0 DEOPT PACKING pc=0x000001c4972b1954 sp=0x00000087876f7fa0
Event: 21.921 Thread 0x000001c4aa3cfbf0 DEOPT UNPACKING pc=0x000001c496cc7da2 sp=0x00000087876f7f38 mode 2
Event: 22.270 Thread 0x000001c4aa3cfbf0 Uncommon trap: trap_request=0xffffffde fr.pc=0x000001c497520c54 relative=0x0000000000006f74
Event: 22.270 Thread 0x000001c4aa3cfbf0 Uncommon trap: reason=class_check action=maybe_recompile pc=0x000001c497520c54 method=java.util.jar.JarFile.getManifestFromReference()Ljava/util/jar/Manifest; @ 152 c2
Event: 22.270 Thread 0x000001c4aa3cfbf0 DEOPT PACKING pc=0x000001c497520c54 sp=0x00000087876f6c00
Event: 22.270 Thread 0x000001c4aa3cfbf0 DEOPT UNPACKING pc=0x000001c496cc7da2 sp=0x00000087876f68b0 mode 2

Classes loaded (20 events):
Event: 13.371 Loading class java/util/concurrent/LinkedBlockingDeque$Itr
Event: 13.371 Loading class java/util/concurrent/LinkedBlockingDeque$AbstractItr
Event: 13.371 Loading class java/util/concurrent/LinkedBlockingDeque$AbstractItr done
Event: 13.371 Loading class java/util/concurrent/LinkedBlockingDeque$Itr done
Event: 13.811 Loading class java/lang/foreign/MemorySegment
Event: 13.812 Loading class java/lang/foreign/MemorySegment done
Event: 19.402 Loading class java/util/stream/SortedOps$RefSortingSink
Event: 19.402 Loading class java/util/stream/SortedOps$RefSortingSink done
Event: 19.408 Loading class java/time/Ser
Event: 19.409 Loading class java/time/Ser done
Event: 20.759 Loading class java/lang/ProcessBuilder
Event: 20.759 Loading class java/lang/ProcessBuilder done
Event: 20.857 Loading class java/lang/ThreadDeath
Event: 20.857 Loading class java/lang/ThreadDeath done
Event: 20.857 Loading class sun/misc/SharedSecrets
Event: 20.857 Loading class sun/misc/SharedSecrets done
Event: 20.859 Loading class sun/invoke/util/ValueConversions$1
Event: 20.859 Loading class sun/invoke/util/ValueConversions$1 done
Event: 20.859 Loading class java/lang/invoke/BoundMethodHandle$Species_LI
Event: 20.859 Loading class java/lang/invoke/BoundMethodHandle$Species_LI done

Classes unloaded (0 events):
No events

Classes redefined (0 events):
No events

Internal exceptions (20 events):
Event: 19.401 Thread 0x000001c4aa3cfbf0 Exception <a 'java/lang/NoSuchMethodError'{0x0000000084b02600}: 'long java.lang.invoke.DirectMethodHandle$Holder.invokeVirtual(java.lang.Object, java.lang.Object)'> (0x0000000084b02600) 
thrown [s\src\hotspot\share\interpreter\linkResolver.cpp, line 784]
Event: 19.403 Thread 0x000001c4aa565180 Exception <a 'java/lang/NoSuchMethodError'{0x0000000084b31880}: static Lorg/gradle/internal/build/event/types/DefaultOperationFinishedProgressEvent;.<clinit>()V> (0x0000000084b31880) 
thrown [s\src\hotspot\share\prims\jni.cpp, line 1135]
Event: 19.405 Thread 0x000001c4aa565180 Exception <a 'java/lang/NoSuchMethodError'{0x0000000084b85480}: static Lorg/gradle/internal/build/event/types/DefaultProjectConfigurationSuccessResult;.<clinit>()V> (0x0000000084b85480) 
thrown [s\src\hotspot\share\prims\jni.cpp, line 1135]
Event: 19.405 Thread 0x000001c4aa565180 Exception <a 'java/lang/NoSuchMethodError'{0x0000000084b869e0}: static Lorg/gradle/internal/build/event/types/AbstractProjectConfigurationResult;.<clinit>()V> (0x0000000084b869e0) 
thrown [s\src\hotspot\share\prims\jni.cpp, line 1135]
Event: 19.405 Thread 0x000001c4aa565180 Exception <a 'java/lang/NoSuchMethodError'{0x0000000084b881e0}: static Lorg/gradle/internal/build/event/types/AbstractOperationResult;.<clinit>()V> (0x0000000084b881e0) 
thrown [s\src\hotspot\share\prims\jni.cpp, line 1135]
Event: 19.405 Thread 0x000001c4aa565180 Exception <a 'java/lang/NoSuchMethodError'{0x0000000084b89630}: static Lorg/gradle/internal/build/event/types/AbstractResult;.<clinit>()V> (0x0000000084b89630) 
thrown [s\src\hotspot\share\prims\jni.cpp, line 1135]
Event: 19.407 Thread 0x000001c4aa565180 Exception <a 'java/lang/NoSuchMethodError'{0x0000000084ba31d0}: static Lorg/gradle/internal/build/event/types/DefaultPluginApplicationResult;.<clinit>()V> (0x0000000084ba31d0) 
thrown [s\src\hotspot\share\prims\jni.cpp, line 1135]
Event: 19.407 Thread 0x000001c4aa565180 Exception <a 'java/lang/NoSuchMethodError'{0x0000000084bb0018}: static Lorg/gradle/internal/build/event/types/DefaultBinaryPluginIdentifier;.<clinit>()V> (0x0000000084bb0018) 
thrown [s\src\hotspot\share\prims\jni.cpp, line 1135]
Event: 19.409 Thread 0x000001c4aa565180 Exception <a 'java/lang/NoSuchMethodError'{0x0000000084bca390}: static Lorg/gradle/internal/build/event/types/DefaultScriptPluginIdentifier;.<clinit>()V> (0x0000000084bca390) 
thrown [s\src\hotspot\share\prims\jni.cpp, line 1135]
Event: 19.999 Thread 0x000001c4aa3cfbf0 Implicit null exception at 0x000001c49759235d to 0x000001c497592870
Event: 19.999 Thread 0x000001c4aa3cfbf0 Implicit null exception at 0x000001c4975930df to 0x000001c4975935e0
Event: 20.755 Thread 0x000001c4aa3cfbf0 Exception <a 'java/lang/NoSuchMethodError'{0x00000000843bfdb0}: 'void java.lang.invoke.Invokers$Holder.invoke_MT(java.lang.Object, java.lang.Object, java.lang.Object, java.lang.Object)'> (0x00000000843bfdb0) 
thrown [s\src\hotspot\share\interpreter\linkResolver.cpp, line 784]
Event: 20.759 Thread 0x000001c4aa3cfbf0 Exception <a 'java/lang/NoSuchMethodError'{0x000000008422bb48}: 'java.lang.Object java.lang.invoke.DirectMethodHandle$Holder.invokeStaticInit(java.lang.Object, java.lang.Object, java.lang.Object, java.lang.Object, java.lang.Object, java.lang.Object, java.lang.Object)'> (0x000000008422bb48) 
thrown [s\src\hotspot\share\interpreter\linkResolver.cpp, line 784]
Event: 20.779 Thread 0x000001c4aa3cfbf0 Exception <a 'java/lang/NoSuchMethodError'{0x0000000084251600}: 'java.lang.Object java.lang.invoke.DirectMethodHandle$Holder.invokeSpecial(java.lang.Object, java.lang.Object, java.lang.Object, int, java.lang.Object, java.lang.Object)'> (0x0000000084251600) 
thrown [s\src\hotspot\share\interpreter\linkResolver.cpp, line 784]
Event: 20.857 Thread 0x000001c4aa3cfbf0 Exception <a 'java/lang/ClassNotFoundException'{0x0000000091b80ea0}: sun/misc/SharedSecrets> (0x0000000091b80ea0) 
thrown [s\src\hotspot\share\classfile\systemDictionary.cpp, line 312]
Event: 20.857 Thread 0x000001c4aa3cfbf0 Exception <a 'java/lang/ClassNotFoundException'{0x0000000091b824b8}: org/gradle/api/internal/plugins/DefaultObjectConfigurationActionBeanInfo> (0x0000000091b824b8) 
thrown [s\src\hotspot\share\classfile\systemDictionary.cpp, line 312]
Event: 20.858 Thread 0x000001c4aa3cfbf0 Exception <a 'java/lang/ClassNotFoundException'{0x0000000091b961f0}: org/gradle/api/internal/plugins/DefaultObjectConfigurationActionCustomizer> (0x0000000091b961f0) 
thrown [s\src\hotspot\share\classfile\systemDictionary.cpp, line 312]
Event: 20.859 Thread 0x000001c4aa3cfbf0 Implicit null exception at 0x000001c497358e72 to 0x000001c4973590f0
Event: 20.859 Thread 0x000001c4aa3cfbf0 Exception <a 'java/lang/NoSuchMethodError'{0x0000000091ba3740}: 'int java.lang.invoke.DirectMethodHandle$Holder.invokeSpecial(java.lang.Object, java.lang.Object, java.lang.Object, int)'> (0x0000000091ba3740) 
thrown [s\src\hotspot\share\interpreter\linkResolver.cpp, line 784]
Event: 20.860 Thread 0x000001c4aa3cfbf0 Exception <a 'java/lang/NoSuchMethodError'{0x0000000091bb48e8}: 'java.lang.Object java.lang.invoke.DirectMethodHandle$Holder.invokeStatic(java.lang.Object, java.lang.Object, java.lang.Object, java.lang.Object, int)'> (0x0000000091bb48e8) 
thrown [s\src\hotspot\share\interpreter\linkResolver.cpp, line 784]

ZGC Phase Switch (0 events):
No events

VM Operations (20 events):
Event: 16.286 Executing VM operation: Cleanup done
Event: 16.936 Executing VM operation: G1CollectForAllocation (G1 Evacuation Pause)
Event: 16.940 Executing VM operation: G1CollectForAllocation (G1 Evacuation Pause) done
Event: 18.341 Executing VM operation: G1CollectForAllocation (G1 Evacuation Pause)
Event: 18.345 Executing VM operation: G1CollectForAllocation (G1 Evacuation Pause) done
Event: 18.369 Executing VM operation: G1PauseRemark
Event: 18.372 Executing VM operation: G1PauseRemark done
Event: 18.388 Executing VM operation: G1PauseCleanup
Event: 18.389 Executing VM operation: G1PauseCleanup done
Event: 19.390 Executing VM operation: Cleanup
Event: 19.390 Executing VM operation: Cleanup done
Event: 20.403 Executing VM operation: Cleanup
Event: 20.403 Executing VM operation: Cleanup done
Event: 20.788 Executing VM operation: G1CollectForAllocation (G1 Evacuation Pause)
Event: 20.793 Executing VM operation: G1CollectForAllocation (G1 Evacuation Pause) done
Event: 20.810 Executing VM operation: HandshakeAllThreads (Deoptimize)
Event: 20.810 Executing VM operation: HandshakeAllThreads (Deoptimize) done
Event: 21.812 Executing VM operation: Cleanup
Event: 21.812 Executing VM operation: Cleanup done
Event: 22.691 Executing VM operation: G1CollectForAllocation (G1 Evacuation Pause)

Memory protections (0 events):
No events

Nmethod flushes (20 events):
Event: 18.371 Thread 0x000001c4a3d854f0 flushing  nmethod 0x000001c48fd43490
Event: 18.371 Thread 0x000001c4a3d854f0 flushing  nmethod 0x000001c48fd47e10
Event: 18.371 Thread 0x000001c4a3d854f0 flushing  nmethod 0x000001c48fd93090
Event: 18.371 Thread 0x000001c4a3d854f0 flushing  nmethod 0x000001c48fd95690
Event: 18.371 Thread 0x000001c4a3d854f0 flushing  nmethod 0x000001c48fd96310
Event: 18.371 Thread 0x000001c4a3d854f0 flushing  nmethod 0x000001c48fe4e110
Event: 18.371 Thread 0x000001c4a3d854f0 flushing  nmethod 0x000001c48fead510
Event: 18.371 Thread 0x000001c4a3d854f0 flushing  nmethod 0x000001c48fecce10
Event: 18.371 Thread 0x000001c4a3d854f0 flushing  nmethod 0x000001c48fecd990
Event: 18.371 Thread 0x000001c4a3d854f0 flushing  nmethod 0x000001c48fecfe10
Event: 18.371 Thread 0x000001c4a3d854f0 flushing  nmethod 0x000001c48fed1810
Event: 18.371 Thread 0x000001c4a3d854f0 flushing  nmethod 0x000001c48fed1f90
Event: 18.371 Thread 0x000001c4a3d854f0 flushing  nmethod 0x000001c48fed3190
Event: 18.371 Thread 0x000001c4a3d854f0 flushing  nmethod 0x000001c48fed3790
Event: 18.371 Thread 0x000001c4a3d854f0 flushing  nmethod 0x000001c48fed4290
Event: 18.371 Thread 0x000001c4a3d854f0 flushing  nmethod 0x000001c49002c490
Event: 18.371 Thread 0x000001c4a3d854f0 flushing  nmethod 0x000001c4900d1790
Event: 18.371 Thread 0x000001c4a3d854f0 flushing  nmethod 0x000001c4900d1a90
Event: 18.371 Thread 0x000001c4a3d854f0 flushing  nmethod 0x000001c490250410
Event: 18.371 Thread 0x000001c4a3d854f0 flushing  nmethod 0x000001c490286710

Events (20 events):
Event: 11.413 Thread 0x000001c4aa3cfbf0 Thread added: 0x000001c4ab70ce10
Event: 11.413 Thread 0x000001c4aa3cfbf0 Thread added: 0x000001c4ab70e850
Event: 11.413 Thread 0x000001c4aa3cfbf0 Thread added: 0x000001c4ae1290f0
Event: 11.504 Thread 0x000001c4aa3cfbf0 Thread added: 0x000001c4ae1283d0
Event: 11.505 Thread 0x000001c4aa3cfbf0 Thread added: 0x000001c4ae1276b0
Event: 11.506 Thread 0x000001c4aa3cfbf0 Thread added: 0x000001c4ae1255e0
Event: 11.507 Thread 0x000001c4aa3cfbf0 Thread added: 0x000001c4ae12b1c0
Event: 11.509 Thread 0x000001c4aa3cfbf0 Thread added: 0x000001c4ae12cc00
Event: 11.510 Thread 0x000001c4aa3cfbf0 Thread added: 0x000001c4ae128a60
Event: 11.511 Thread 0x000001c4aa3cfbf0 Thread added: 0x000001c4ae12b850
Event: 11.790 Thread 0x000001c4ab89bbe0 Thread exited: 0x000001c4ab89bbe0
Event: 13.769 Thread 0x000001c4aa3cfbf0 Thread added: 0x000001c4ae129e10
Event: 13.769 Thread 0x000001c4aa3cfbf0 Thread added: 0x000001c4ae12a4a0
Event: 13.769 Thread 0x000001c4aa3cfbf0 Thread added: 0x000001c4ae12ab30
Event: 13.769 Thread 0x000001c4aa3cfbf0 Thread added: 0x000001c4ae12c570
Event: 13.770 Thread 0x000001c4aa3cfbf0 Thread added: 0x000001c4ae127020
Event: 13.770 Thread 0x000001c4aa3cfbf0 Thread added: 0x000001c4ae125c70
Event: 13.770 Thread 0x000001c4aa3cfbf0 Thread added: 0x000001c4ae12bee0
Event: 13.777 Thread 0x000001c4a3e1d3b0 Thread added: 0x000001c4ab899300
Event: 14.070 Thread 0x000001c4ab899300 Thread exited: 0x000001c4ab899300


Dynamic libraries:
0x00007ff6fa320000 - 0x00007ff6fa32a000 	C:\Program Files\Android\Android Studio1\jbr\bin\java.exe
0x00007ffd76ef0000 - 0x00007ffd77107000 	C:\WINDOWS\SYSTEM32\ntdll.dll
0x00007ffd76020000 - 0x00007ffd760e4000 	C:\WINDOWS\System32\KERNEL32.DLL
0x00007ffd74450000 - 0x00007ffd74823000 	C:\WINDOWS\System32\KERNELBASE.dll
0x00007ffd74330000 - 0x00007ffd74441000 	C:\WINDOWS\System32\ucrtbase.dll
0x00007ffd46030000 - 0x00007ffd4604b000 	C:\Program Files\Android\Android Studio1\jbr\bin\VCRUNTIME140.dll
0x00007ffd43e20000 - 0x00007ffd43e38000 	C:\Program Files\Android\Android Studio1\jbr\bin\jli.dll
0x00007ffd75570000 - 0x00007ffd75721000 	C:\WINDOWS\System32\USER32.dll
0x00007ffd74b20000 - 0x00007ffd74b46000 	C:\WINDOWS\System32\win32u.dll
0x00007ffd57a30000 - 0x00007ffd57ccb000 	C:\WINDOWS\WinSxS\amd64_microsoft.windows.common-controls_6595b64144ccf1df_6.0.22621.5262_none_2712bde373830908\COMCTL32.dll
0x00007ffd76bd0000 - 0x00007ffd76bf9000 	C:\WINDOWS\System32\GDI32.dll
0x00007ffd765e0000 - 0x00007ffd76687000 	C:\WINDOWS\System32\msvcrt.dll
0x00007ffd74830000 - 0x00007ffd74952000 	C:\WINDOWS\System32\gdi32full.dll
0x00007ffd74290000 - 0x00007ffd7432a000 	C:\WINDOWS\System32\msvcp_win.dll
0x00007ffd76b90000 - 0x00007ffd76bc1000 	C:\WINDOWS\System32\IMM32.DLL
0x00007ffd4ab50000 - 0x00007ffd4ab5c000 	C:\Program Files\Android\Android Studio1\jbr\bin\vcruntime140_1.dll
0x00007ffd16df0000 - 0x00007ffd16e7d000 	C:\Program Files\Android\Android Studio1\jbr\bin\msvcp140.dll
0x00007ffcc9c50000 - 0x00007ffcca8da000 	C:\Program Files\Android\Android Studio1\jbr\bin\server\jvm.dll
0x00007ffd75d00000 - 0x00007ffd75db1000 	C:\WINDOWS\System32\ADVAPI32.dll
0x00007ffd75f70000 - 0x00007ffd76017000 	C:\WINDOWS\System32\sechost.dll
0x00007ffd74b50000 - 0x00007ffd74b78000 	C:\WINDOWS\System32\bcrypt.dll
0x00007ffd76d10000 - 0x00007ffd76e24000 	C:\WINDOWS\System32\RPCRT4.dll
0x00007ffd75730000 - 0x00007ffd757a1000 	C:\WINDOWS\System32\WS2_32.dll
0x00007ffd735e0000 - 0x00007ffd7362d000 	C:\WINDOWS\SYSTEM32\POWRPROF.dll
0x00007ffd69080000 - 0x00007ffd6908a000 	C:\WINDOWS\SYSTEM32\VERSION.dll
0x00007ffd6e660000 - 0x00007ffd6e694000 	C:\WINDOWS\SYSTEM32\WINMM.dll
0x00007ffd73580000 - 0x00007ffd73593000 	C:\WINDOWS\SYSTEM32\UMPDC.dll
0x00007ffd72ff0000 - 0x00007ffd73008000 	C:\WINDOWS\SYSTEM32\kernel.appcore.dll
0x00007ffd4ab10000 - 0x00007ffd4ab1a000 	C:\Program Files\Android\Android Studio1\jbr\bin\jimage.dll
0x00007ffd71910000 - 0x00007ffd71b42000 	C:\WINDOWS\SYSTEM32\DBGHELP.DLL
0x00007ffd767a0000 - 0x00007ffd76b33000 	C:\WINDOWS\System32\combase.dll
0x00007ffd762a0000 - 0x00007ffd76377000 	C:\WINDOWS\System32\OLEAUT32.dll
0x00007ffd4b680000 - 0x00007ffd4b6b2000 	C:\WINDOWS\SYSTEM32\dbgcore.DLL
0x00007ffd73fe0000 - 0x00007ffd7405b000 	C:\WINDOWS\System32\bcryptPrimitives.dll
0x00007ffd46630000 - 0x00007ffd4663e000 	C:\Program Files\Android\Android Studio1\jbr\bin\instrument.dll
0x00007ffd3f6e0000 - 0x00007ffd3f700000 	C:\Program Files\Android\Android Studio1\jbr\bin\java.dll
0x00007ffd3f2d0000 - 0x00007ffd3f2e8000 	C:\Program Files\Android\Android Studio1\jbr\bin\zip.dll
0x00007ffd74c10000 - 0x00007ffd754ad000 	C:\WINDOWS\System32\SHELL32.dll
0x00007ffd74960000 - 0x00007ffd74a9f000 	C:\WINDOWS\System32\wintypes.dll
0x00007ffd71ed0000 - 0x00007ffd727ed000 	C:\WINDOWS\SYSTEM32\windows.storage.dll
0x00007ffd76690000 - 0x00007ffd7679b000 	C:\WINDOWS\System32\SHCORE.dll
0x00007ffd75810000 - 0x00007ffd75876000 	C:\WINDOWS\System32\shlwapi.dll
0x00007ffd73f10000 - 0x00007ffd73f3b000 	C:\WINDOWS\SYSTEM32\profapi.dll
0x00007ffd66ab0000 - 0x00007ffd66ac0000 	C:\Program Files\Android\Android Studio1\jbr\bin\net.dll
0x00007ffd6e890000 - 0x00007ffd6e9bc000 	C:\WINDOWS\SYSTEM32\WINHTTP.dll
0x00007ffd734f0000 - 0x00007ffd7355a000 	C:\WINDOWS\system32\mswsock.dll
0x00007ffd51ff0000 - 0x00007ffd52006000 	C:\Program Files\Android\Android Studio1\jbr\bin\nio.dll
0x00007ffd464a0000 - 0x00007ffd464b0000 	C:\Program Files\Android\Android Studio1\jbr\bin\verify.dll
0x00007ffd54820000 - 0x00007ffd54847000 	E:\Android\.gradle\native\c067742578af261105cb4f569cf0c3c89f3d7b1fecec35dd04571415982c5e48\windows-amd64\native-platform.dll
0x00007ffd1f9c0000 - 0x00007ffd1fb04000 	E:\Android\.gradle\native\100fb08df4bc3b14c8652ba06237920a3bd2aa13389f12d3474272988ae205f9\windows-amd64\native-platform-file-events.dll
0x00007ffd3fbb0000 - 0x00007ffd3fbb9000 	C:\Program Files\Android\Android Studio1\jbr\bin\management.dll
0x00007ffd3efb0000 - 0x00007ffd3efbb000 	C:\Program Files\Android\Android Studio1\jbr\bin\management_ext.dll
0x00007ffd765c0000 - 0x00007ffd765c8000 	C:\WINDOWS\System32\PSAPI.DLL
0x00007ffd737c0000 - 0x00007ffd737db000 	C:\WINDOWS\SYSTEM32\CRYPTSP.dll
0x00007ffd72f40000 - 0x00007ffd72f77000 	C:\WINDOWS\system32\rsaenh.dll
0x00007ffd73660000 - 0x00007ffd73688000 	C:\WINDOWS\SYSTEM32\USERENV.dll
0x00007ffd737e0000 - 0x00007ffd737ec000 	C:\WINDOWS\SYSTEM32\CRYPTBASE.dll
0x00007ffd72a50000 - 0x00007ffd72a7d000 	C:\WINDOWS\SYSTEM32\IPHLPAPI.DLL
0x00007ffd765d0000 - 0x00007ffd765d9000 	C:\WINDOWS\System32\NSI.dll
0x00007ffd3eaa0000 - 0x00007ffd3eaa9000 	C:\Program Files\Android\Android Studio1\jbr\bin\extnet.dll
0x00007ffd05e60000 - 0x00007ffd05e68000 	C:\WINDOWS\system32\wshunix.dll

dbghelp: loaded successfully - version: 4.0.5 - missing functions: none
symbol engine: initialized successfully - sym options: 0x614 - pdb path: .;C:\Program Files\Android\Android Studio1\jbr\bin;C:\WINDOWS\SYSTEM32;C:\WINDOWS\WinSxS\amd64_microsoft.windows.common-controls_6595b64144ccf1df_6.0.22621.5262_none_2712bde373830908;C:\Program Files\Android\Android Studio1\jbr\bin\server;E:\Android\.gradle\native\c067742578af261105cb4f569cf0c3c89f3d7b1fecec35dd04571415982c5e48\windows-amd64;E:\Android\.gradle\native\100fb08df4bc3b14c8652ba06237920a3bd2aa13389f12d3474272988ae205f9\windows-amd64

VM Arguments:
jvm_args: --add-opens=java.base/java.lang=ALL-UNNAMED --add-opens=java.base/java.lang.invoke=ALL-UNNAMED --add-opens=java.base/java.util=ALL-UNNAMED --add-opens=java.prefs/java.util.prefs=ALL-UNNAMED --add-exports=jdk.compiler/com.sun.tools.javac.api=ALL-UNNAMED --add-exports=jdk.compiler/com.sun.tools.javac.util=ALL-UNNAMED --add-opens=java.base/java.util=ALL-UNNAMED --add-opens=java.prefs/java.util.prefs=ALL-UNNAMED --add-opens=java.base/java.nio.charset=ALL-UNNAMED --add-opens=java.base/java.net=ALL-UNNAMED --add-opens=java.base/java.util.concurrent.atomic=ALL-UNNAMED --add-opens=java.xml/javax.xml.namespace=ALL-UNNAMED -Xmx2048m -Dfile.encoding=UTF-8 -Duser.country=IN -Duser.language=en -Duser.variant -javaagent:E:\Android\.gradle\wrapper\dists\gradle-8.11.1-bin\bpt9gzteqjrbo1mjrsomdt32c\gradle-8.11.1\lib\agents\gradle-instrumentation-agent-8.11.1.jar 
java_command: org.gradle.launcher.daemon.bootstrap.GradleDaemon 8.11.1
java_class_path (initial): E:\Android\.gradle\wrapper\dists\gradle-8.11.1-bin\bpt9gzteqjrbo1mjrsomdt32c\gradle-8.11.1\lib\gradle-daemon-main-8.11.1.jar
Launcher Type: SUN_STANDARD

[Global flags]
     intx CICompilerCount                          = 4                                         {product} {ergonomic}
     uint ConcGCThreads                            = 2                                         {product} {ergonomic}
     uint G1ConcRefinementThreads                  = 8                                         {product} {ergonomic}
   size_t G1HeapRegionSize                         = 1048576                                   {product} {ergonomic}
    uintx GCDrainStackTargetSize                   = 64                                        {product} {ergonomic}
   size_t InitialHeapSize                          = 331350016                                 {product} {ergonomic}
   size_t MarkStackSize                            = 4194304                                   {product} {ergonomic}
   size_t MaxHeapSize                              = 2147483648                                {product} {command line}
   size_t MaxNewSize                               = 1287651328                                {product} {ergonomic}
   size_t MinHeapDeltaBytes                        = 1048576                                   {product} {ergonomic}
   size_t MinHeapSize                              = 8388608                                   {product} {ergonomic}
    uintx NonNMethodCodeHeapSize                   = 5839372                                {pd product} {ergonomic}
    uintx NonProfiledCodeHeapSize                  = 122909434                              {pd product} {ergonomic}
    uintx ProfiledCodeHeapSize                     = 122909434                              {pd product} {ergonomic}
    uintx ReservedCodeCacheSize                    = 251658240                              {pd product} {ergonomic}
     bool SegmentedCodeCache                       = true                                      {product} {ergonomic}
   size_t SoftMaxHeapSize                          = 2147483648                             {manageable} {ergonomic}
     bool UseCompressedOops                        = true                           {product lp64_product} {ergonomic}
     bool UseG1GC                                  = true                                      {product} {ergonomic}
     bool UseLargePagesIndividualAllocation        = false                                  {pd product} {ergonomic}

Logging:
Log output configuration:
 #0: stdout all=warning uptime,level,tags foldmultilines=false
 #1: stderr all=off uptime,level,tags foldmultilines=false

Environment Variables:
JAVA_HOME=C:\Users\sayak\AppData\Local\Programs\Eclipse Adoptium\jdk-17.0.9.9-hotspot\
PATH=C:\WINDOWS\system32;C:\WINDOWS;C:\WINDOWS\System32\Wbem;C:\WINDOWS\System32\WindowsPowerShell\v1.0\;C:\WINDOWS\System32\OpenSSH\;C:\Program Files\Git\cmd;C:\Windows Kits\10\Windows Performance Toolkit\;C:\Users\sayak\AppData\Local\Programs\Python\Python310\Scripts\;C:\Users\sayak\AppData\Local\Programs\Python\Python310\;C:\Program Files\MySQL\MySQL Shell 8.0\bin\;C:\Users\sayak\AppData\Local\Programs\Eclipse Adoptium\jdk-17.0.9.9-hotspot\bin;C:\Users\sayak\AppData\Local\Microsoft\WindowsApps;E:\src\flutter\bin;C:\Users\sayak\AppData\Local\GitHubDesktop\bin
USERNAME=sayak
OS=Windows_NT
PROCESSOR_IDENTIFIER=Intel64 Family 6 Model 140 Stepping 1, GenuineIntel
TMP=C:\Users\sayak\AppData\Local\Temp
TEMP=C:\Users\sayak\AppData\Local\Temp




Periodic native trim disabled

JNI global refs:
JNI global refs: 27, weak refs: 0

JNI global refs memory usage: 835, weak refs: 833

Process memory usage:
Resident Set Size: 315384K (1% of 20705912K total physical memory with 1287808K free physical memory)

OOME stack traces (most recent first):
Classloader memory used:
Loader org.gradle.internal.classloader.VisitableURLClassLoader                         : 34025K
Loader bootstrap                                                                       : 23062K
Loader org.gradle.initialization.MixInLegacyTypesClassLoader                           : 9555K
Loader org.gradle.internal.classloader.VisitableURLClassLoader$InstrumentingVisitableURLClassLoader: 1706K
Loader jdk.internal.loader.ClassLoaders$PlatformClassLoader                            : 517K
Loader jdk.internal.loader.ClassLoaders$AppClassLoader                                 : 234K
Loader org.gradle.internal.classloader.VisitableURLClassLoader                         : 230K
Loader jdk.internal.reflect.DelegatingClassLoader                                      : 116K

Classes loaded by more than one classloader:
Class Program                                                                         : loaded 4 times (x 70B)
Class [Lcom.google.common.base.AbstractIterator$State;                                : loaded 2 times (x 65B)
Class com.google.common.base.CharMatcher$IsEither                                     : loaded 2 times (x 107B)
Class org.gradle.internal.classloader.ClassLoaderHierarchy                            : loaded 2 times (x 66B)
Class com.google.common.collect.ImmutableList$1                                       : loaded 2 times (x 93B)
Class org.gradle.api.internal.classpath.ManifestUtil                                  : loaded 2 times (x 67B)
Class com.google.common.collect.UnmodifiableListIterator                              : loaded 2 times (x 91B)
Class org.gradle.internal.classloader.DefaultClassLoaderFactory                       : loaded 2 times (x 78B)
Class com.google.common.base.CharMatcher$None                                         : loaded 2 times (x 108B)
Class org.gradle.internal.classloader.ClassLoaderVisitor                              : loaded 2 times (x 72B)
Class org.gradle.api.internal.classpath.EffectiveClassPath                            : loaded 2 times (x 86B)
Class com.google.common.collect.ImmutableEnumMap                                      : loaded 2 times (x 121B)
Class com.google.common.collect.ListMultimap                                          : loaded 2 times (x 66B)
Class com.google.common.base.Splitter                                                 : loaded 2 times (x 68B)
Class org.gradle.api.internal.DefaultClassPathProvider                                : loaded 2 times (x 72B)
Class [Lorg.gradle.api.internal.ClassPathProvider;                                    : loaded 2 times (x 65B)
Class org.gradle.api.internal.ClassPathProvider                                       : loaded 2 times (x 66B)
Class com.google.common.base.AbstractIterator$State                                   : loaded 2 times (x 75B)
Class org.gradle.internal.service.UnknownServiceException                             : loaded 2 times (x 79B)
Class com.google.common.collect.MapDifference                                         : loaded 2 times (x 66B)
Class com.google.common.base.Splitter$1                                               : loaded 2 times (x 73B)
Class org.gradle.internal.classpath.TransformedClassPath                              : loaded 2 times (x 92B)
Class org.gradle.internal.classloader.InstrumentingClassLoader                        : loaded 2 times (x 66B)
Class com.google.common.collect.Platform                                              : loaded 2 times (x 67B)
Class com.google.common.collect.UnmodifiableIterator                                  : loaded 2 times (x 76B)
Class org.gradle.internal.service.ServiceLocator                                      : loaded 2 times (x 66B)
Class com.google.common.collect.AbstractMultimap                                      : loaded 2 times (x 119B)
Class com.google.common.collect.RegularImmutableAsList                                : loaded 2 times (x 212B)
Class com.google.common.base.CharMatcher$RangesMatcher                                : loaded 2 times (x 108B)
Class com.google.common.collect.Lists$StringAsImmutableList                           : loaded 2 times (x 203B)
Class org.gradle.kotlin.dsl.VersionCatalogAccessorsKt                                 : loaded 2 times (x 67B)
Class com.google.common.base.CharMatcher$JavaLetterOrDigit                            : loaded 2 times (x 107B)
Class org.gradle.internal.InternalTransformer                                         : loaded 2 times (x 66B)
Class com.google.common.base.CharMatcher$And                                          : loaded 2 times (x 108B)
Class org.gradle.internal.classloader.ClasspathUtil$1                                 : loaded 2 times (x 72B)
Class com.google.common.collect.BiMap                                                 : loaded 2 times (x 66B)
Class org.gradle.api.internal.classpath.DefaultModuleRegistry$DefaultModule           : loaded 2 times (x 82B)
Class com.google.common.collect.Multiset                                              : loaded 2 times (x 66B)
Class com.google.common.collect.ArrayListMultimapGwtSerializationDependencies         : loaded 2 times (x 168B)
Class com.google.common.collect.ObjectArrays                                          : loaded 2 times (x 67B)
Class com.google.common.collect.AbstractIndexedListIterator                           : loaded 2 times (x 92B)
Class org.gradle.api.internal.classpath.Module                                        : loaded 2 times (x 66B)
Class org.gradle.api.internal.classpath.UnknownModuleException                        : loaded 2 times (x 78B)
Class com.google.common.base.NullnessCasts                                            : loaded 2 times (x 67B)
Class org.gradle.api.internal.DefaultClassPathRegistry                                : loaded 2 times (x 72B)
Class com.google.common.collect.Multimap                                              : loaded 2 times (x 66B)
Class org.gradle.api.internal.ClassPathRegistry                                       : loaded 2 times (x 66B)
Class org.gradle.internal.classpath.DefaultClassPath$ImmutableUniqueList              : loaded 2 times (x 195B)
Class com.google.common.collect.SingletonImmutableList                                : loaded 2 times (x 203B)
Class org.gradle.internal.classloader.FilteringClassLoader                            : loaded 2 times (x 101B)
Class Settings_gradle$1                                                               : loaded 2 times (x 70B)
Class org.gradle.internal.classpath.ClassPath                                         : loaded 2 times (x 66B)
Class org.gradle.api.UncheckedIOException                                             : loaded 2 times (x 78B)
Class com.google.common.collect.ImmutableList$ReverseImmutableList                    : loaded 2 times (x 204B)
Class com.google.common.base.JdkPattern                                               : loaded 2 times (x 71B)
Class com.google.common.collect.ImmutableMap$IteratorBasedImmutableMap                : loaded 2 times (x 121B)
Class com.google.common.collect.AbstractListMultimap                                  : loaded 2 times (x 168B)
Class org.gradle.internal.installation.GradleInstallation$1                           : loaded 2 times (x 71B)
Class org.gradle.api.internal.classpath.ModuleRegistry                                : loaded 2 times (x 66B)
Class com.google.common.base.Splitter$SplittingIterator                               : loaded 2 times (x 80B)
Class com.google.common.base.CharMatcher$ForPredicate                                 : loaded 2 times (x 108B)
Class com.google.common.collect.ImmutableCollection                                   : loaded 2 times (x 121B)
Class com.google.common.base.CharMatcher$AnyOf                                        : loaded 2 times (x 108B)
Class org.gradle.api.internal.classpath.DefaultModuleRegistry                         : loaded 2 times (x 82B)
Class com.google.common.base.Converter                                                : loaded 2 times (x 86B)
Class com.google.common.collect.Lists                                                 : loaded 2 times (x 67B)
Class com.google.common.base.CharMatcher$Any                                          : loaded 2 times (x 108B)
Class com.google.common.collect.AbstractMapBasedMultimap                              : loaded 2 times (x 135B)
Class com.google.common.collect.ImmutableAsList                                       : loaded 2 times (x 205B)
Class com.google.common.collect.Maps$EntryTransformer                                 : loaded 2 times (x 66B)
Class org.gradle.internal.service.ServiceLookupException                              : loaded 2 times (x 78B)
Class com.google.common.base.CharMatcher$JavaLetter                                   : loaded 2 times (x 107B)
Class org.gradle.internal.classloader.ClassLoaderFactory                              : loaded 2 times (x 66B)
Class com.google.common.base.CharMatcher$IsNot                                        : loaded 2 times (x 107B)
Class com.google.common.base.CommonPattern                                            : loaded 2 times (x 70B)
Class org.gradle.internal.service.CachingServiceLocator                               : loaded 2 times (x 78B)
Class com.google.common.base.CharMatcher$JavaDigit                                    : loaded 2 times (x 107B)
Class com.google.common.base.Function                                                 : loaded 2 times (x 66B)
Class com.google.common.collect.RegularImmutableList                                  : loaded 2 times (x 208B)
Class org.gradle.internal.classloader.ClasspathUtil                                   : loaded 2 times (x 67B)
Class com.google.common.collect.Maps                                                  : loaded 2 times (x 67B)
Class com.google.common.base.CharMatcher$JavaUpperCase                                : loaded 2 times (x 107B)
Class org.gradle.api.specs.Spec                                                       : loaded 2 times (x 66B)
Class Build_gradle$1                                                                  : loaded 2 times (x 74B)
Class com.google.common.collect.Maps$8                                                : loaded 2 times (x 78B)
Class com.google.common.base.CharMatcher$Invisible                                    : loaded 2 times (x 108B)
Class org.gradle.internal.classloader.VisitableURLClassLoader$InstrumentingVisitableURLClassLoader: loaded 2 times (x 119B)
Class org.gradle.internal.classloader.VisitableURLClassLoader$Spec                    : loaded 2 times (x 70B)
Class org.gradle.internal.classpath.DefaultClassPath                                  : loaded 2 times (x 86B)
Class com.google.common.base.AbstractIterator                                         : loaded 2 times (x 76B)
Class com.google.common.base.CharMatcher$BitSetMatcher                                : loaded 2 times (x 108B)
Class com.google.common.base.CharMatcher$Ascii                                        : loaded 2 times (x 108B)
Class org.gradle.internal.classloader.ClassLoaderSpec                                 : loaded 2 times (x 67B)
Class com.google.common.base.CharMatcher$Or                                           : loaded 2 times (x 108B)
Class Settings_gradle$1$1                                                             : loaded 2 times (x 70B)
Class org.gradle.internal.classloader.VisitableURLClassLoader                         : loaded 2 times (x 113B)
Class Settings_gradle                                                                 : loaded 2 times (x 124B)
Class org.gradle.internal.Cast                                                        : loaded 2 times (x 67B)
Class org.gradle.api.Action                                                           : loaded 2 times (x 66B)
Class com.google.common.base.CharMatcher$FastMatcher                                  : loaded 2 times (x 107B)
Class com.google.common.collect.ImmutableMap                                          : loaded 2 times (x 116B)
Class com.google.common.base.Predicate                                                : loaded 2 times (x 66B)
Class org.gradle.internal.classpath.DefaultClassPath$ImmutableUniqueList$Builder      : loaded 2 times (x 71B)
Class com.google.common.base.CharMatcher$NegatedFastMatcher                           : loaded 2 times (x 109B)
Class com.google.common.collect.ArrayListMultimap                                     : loaded 2 times (x 168B)
Class com.google.common.base.AbstractIterator$1                                       : loaded 2 times (x 67B)
Class com.google.common.base.CharMatcher$Digit                                        : loaded 2 times (x 108B)
Class org.gradle.api.GradleException                                                  : loaded 2 times (x 78B)
Class com.google.common.collect.CollectPreconditions                                  : loaded 2 times (x 67B)
Class com.google.common.base.CharMatcher$JavaIsoControl                               : loaded 2 times (x 108B)
Class com.google.common.collect.SortedMapDifference                                   : loaded 2 times (x 66B)
Class com.google.common.base.CharMatcher$JavaLowerCase                                : loaded 2 times (x 107B)
Class com.google.common.base.Splitter$1$1                                             : loaded 2 times (x 82B)
Class com.google.common.base.CharMatcher$Whitespace                                   : loaded 2 times (x 108B)
Class org.gradle.internal.IoActions                                                   : loaded 2 times (x 67B)
Class com.google.common.base.CharMatcher$SingleWidth                                  : loaded 2 times (x 108B)
Class org.gradle.internal.classloader.SystemClassLoaderSpec                           : loaded 2 times (x 67B)
Class com.google.common.base.CharMatcher$Negated                                      : loaded 2 times (x 109B)
Class com.google.common.base.CharMatcher$Is                                           : loaded 2 times (x 107B)
Class com.google.common.base.Preconditions                                            : loaded 2 times (x 67B)
Class com.google.common.base.CharMatcher                                              : loaded 2 times (x 107B)
Class com.google.common.base.CharMatcher$1                                            : loaded 2 times (x 109B)
Class com.google.common.base.CharMatcher$NamedFastMatcher                             : loaded 2 times (x 108B)
Class org.gradle.api.internal.classpath.GlobalCacheRootsProvider                      : loaded 2 times (x 66B)
Class com.google.common.collect.Maps$BiMapConverter                                   : loaded 2 times (x 86B)
Class com.google.common.base.CharMatcher$InRange                                      : loaded 2 times (x 107B)
Class Build_gradle                                                                    : loaded 2 times (x 68B)
Class org.gradle.internal.installation.CurrentGradleInstallationLocator               : loaded 2 times (x 67B)
Class com.google.common.collect.ImmutableList                                         : loaded 2 times (x 202B)
Class org.gradle.internal.service.DefaultServiceLocator                               : loaded 2 times (x 79B)
Class org.gradle.internal.installation.CurrentGradleInstallation                      : loaded 2 times (x 69B)
Class com.google.common.collect.ImmutableList$SubList                                 : loaded 2 times (x 204B)
Class org.gradle.util.internal.GUtil                                                  : loaded 2 times (x 67B)
Class org.gradle.internal.installation.GradleInstallation                             : loaded 2 times (x 71B)
Class com.google.common.base.Splitter$Strategy                                        : loaded 2 times (x 66B)

---------------  S Y S T E M  ---------------

OS:
 Windows 11 , 64 bit Build 22621 (10.0.22621.5262)
OS uptime: 1 days 4:59 hours
Hyper-V role detected

CPU: total 8 (initial active 8) (4 cores per cpu, 2 threads per core) family 6 model 140 stepping 1 microcode 0xac, cx8, cmov, fxsr, ht, mmx, 3dnowpref, sse, sse2, sse3, ssse3, sse4.1, sse4.2, popcnt, lzcnt, tsc, tscinvbit, avx, avx2, aes, erms, clmul, bmi1, bmi2, adx, avx512f, avx512dq, avx512cd, avx512bw, avx512vl, sha, fma, vzeroupper, avx512_vpopcntdq, avx512_vpclmulqdq, avx512_vaes, avx512_vnni, clflush, clflushopt, clwb, avx512_vbmi2, avx512_vbmi, hv, rdtscp, rdpid, fsrm, gfni, avx512_bitalg, f16c, cet_ibt, cet_ss, avx512_ifma
Processor Information for all 8 processors :
  Max Mhz: 2419, Current Mhz: 2419, Mhz Limit: 2419

Memory: 4k page, system-wide physical 20220M (1248M free)
TotalPageFile size 28641M (AvailPageFile size 6M)
current process WorkingSet (physical memory assigned to process): 307M, peak: 320M
current process commit charge ("private bytes"): 344M, peak: 448M

vm_info: OpenJDK 64-Bit Server VM (21.0.5+-13047016-b750.29) for windows-amd64 JRE (21.0.5+-13047016-b750.29), built on 2025-02-11T21:12:39Z by "builder" with MS VC++ 16.10 / 16.11 (VS2019)

END.
